running egg_info
writing ../build/stretch_sensor_mocap/stretch_sensor_mocap.egg-info/PKG-INFO
writing dependency_links to ../build/stretch_sensor_mocap/stretch_sensor_mocap.egg-info/dependency_links.txt
writing entry points to ../build/stretch_sensor_mocap/stretch_sensor_mocap.egg-info/entry_points.txt
writing requirements to ../build/stretch_sensor_mocap/stretch_sensor_mocap.egg-info/requires.txt
writing top-level names to ../build/stretch_sensor_mocap/stretch_sensor_mocap.egg-info/top_level.txt
reading manifest file '../build/stretch_sensor_mocap/stretch_sensor_mocap.egg-info/SOURCES.txt'
adding license file 'LICENSE'
writing manifest file '../build/stretch_sensor_mocap/stretch_sensor_mocap.egg-info/SOURCES.txt'
running build
running build_py
copying stretch_sensor_mocap/serial_data_publisher.py -> /home/aidenshaevitz/ros2_ws/src/stretch_sensor/build/stretch_sensor_mocap/build/lib/stretch_sensor_mocap
copying stretch_sensor_mocap/sensor_reconstruction.py -> /home/aidenshaevitz/ros2_ws/src/stretch_sensor/build/stretch_sensor_mocap/build/lib/stretch_sensor_mocap
copying stretch_sensor_mocap/sensor_data_processing.py -> /home/aidenshaevitz/ros2_ws/src/stretch_sensor/build/stretch_sensor_mocap/build/lib/stretch_sensor_mocap
copying stretch_sensor_mocap/test_quat_rotations.py -> /home/aidenshaevitz/ros2_ws/src/stretch_sensor/build/stretch_sensor_mocap/build/lib/stretch_sensor_mocap
running install
running install_lib
copying /home/aidenshaevitz/ros2_ws/src/stretch_sensor/build/stretch_sensor_mocap/build/lib/stretch_sensor_mocap/serial_data_publisher.py -> /home/aidenshaevitz/ros2_ws/src/stretch_sensor/install/stretch_sensor_mocap/lib/python3.10/site-packages/stretch_sensor_mocap
copying /home/aidenshaevitz/ros2_ws/src/stretch_sensor/build/stretch_sensor_mocap/build/lib/stretch_sensor_mocap/sensor_reconstruction.py -> /home/aidenshaevitz/ros2_ws/src/stretch_sensor/install/stretch_sensor_mocap/lib/python3.10/site-packages/stretch_sensor_mocap
copying /home/aidenshaevitz/ros2_ws/src/stretch_sensor/build/stretch_sensor_mocap/build/lib/stretch_sensor_mocap/sensor_data_processing.py -> /home/aidenshaevitz/ros2_ws/src/stretch_sensor/install/stretch_sensor_mocap/lib/python3.10/site-packages/stretch_sensor_mocap
copying /home/aidenshaevitz/ros2_ws/src/stretch_sensor/build/stretch_sensor_mocap/build/lib/stretch_sensor_mocap/test_quat_rotations.py -> /home/aidenshaevitz/ros2_ws/src/stretch_sensor/install/stretch_sensor_mocap/lib/python3.10/site-packages/stretch_sensor_mocap
byte-compiling /home/aidenshaevitz/ros2_ws/src/stretch_sensor/install/stretch_sensor_mocap/lib/python3.10/site-packages/stretch_sensor_mocap/serial_data_publisher.py to serial_data_publisher.cpython-310.pyc
byte-compiling /home/aidenshaevitz/ros2_ws/src/stretch_sensor/install/stretch_sensor_mocap/lib/python3.10/site-packages/stretch_sensor_mocap/sensor_reconstruction.py to sensor_reconstruction.cpython-310.pyc
byte-compiling /home/aidenshaevitz/ros2_ws/src/stretch_sensor/install/stretch_sensor_mocap/lib/python3.10/site-packages/stretch_sensor_mocap/sensor_data_processing.py to sensor_data_processing.cpython-310.pyc
byte-compiling /home/aidenshaevitz/ros2_ws/src/stretch_sensor/install/stretch_sensor_mocap/lib/python3.10/site-packages/stretch_sensor_mocap/test_quat_rotations.py to test_quat_rotations.cpython-310.pyc
running install_data
copying package.xml -> /home/aidenshaevitz/ros2_ws/src/stretch_sensor/install/stretch_sensor_mocap/share/stretch_sensor_mocap
creating /home/aidenshaevitz/ros2_ws/src/stretch_sensor/install/stretch_sensor_mocap/share/stretch_sensor_mocap/launch
copying launch/stretch_sensor_launch.py -> /home/aidenshaevitz/ros2_ws/src/stretch_sensor/install/stretch_sensor_mocap/share/stretch_sensor_mocap/launch
running install_egg_info
removing '/home/aidenshaevitz/ros2_ws/src/stretch_sensor/install/stretch_sensor_mocap/lib/python3.10/site-packages/stretch_sensor_mocap-0.0.0-py3.10.egg-info' (and everything under it)
Copying ../build/stretch_sensor_mocap/stretch_sensor_mocap.egg-info to /home/aidenshaevitz/ros2_ws/src/stretch_sensor/install/stretch_sensor_mocap/lib/python3.10/site-packages/stretch_sensor_mocap-0.0.0-py3.10.egg-info
running install_scripts
Installing reconstruction script to /home/aidenshaevitz/ros2_ws/src/stretch_sensor/install/stretch_sensor_mocap/lib/stretch_sensor_mocap
Installing sensor_processor script to /home/aidenshaevitz/ros2_ws/src/stretch_sensor/install/stretch_sensor_mocap/lib/stretch_sensor_mocap
Installing sensor_publisher script to /home/aidenshaevitz/ros2_ws/src/stretch_sensor/install/stretch_sensor_mocap/lib/stretch_sensor_mocap
writing list of installed files to '/home/aidenshaevitz/ros2_ws/src/stretch_sensor/build/stretch_sensor_mocap/install.log'
