[0.792s] Invoking command in '/home/aidenshaevitz/ros2_ws/src/stretch_sensor/stretch_sensor_mocap': AMENT_PREFIX_PATH=/home/aidenshaevitz/ros2_ws/src/stretch_sensor/install/stretch_sensor_msgs:${AMENT_PREFIX_PATH} CMAKE_PREFIX_PATH=/home/aidenshaevitz/ros2_ws/src/stretch_sensor/install/stretch_sensor_msgs:${CMAKE_PREFIX_PATH} LD_LIBRARY_PATH=/home/aidenshaevitz/ros2_ws/src/stretch_sensor/install/stretch_sensor_msgs/lib:/home/aidenshaevitz/ros2_ws/install/stretch_sensor_msgs/lib:/home/aidenshaevitz/ros2_ws/install/rob599_hw3_msgs/lib:/home/aidenshaevitz/ros2_ws/install/rob599_hw2_msgs/lib:/usr/lib/x86_64-linux-gnu/gazebo-11/plugins:/opt/ros/humble/opt/rviz_ogre_vendor/lib:/opt/ros/humble/lib/x86_64-linux-gnu:/opt/ros/humble/lib:/usr/lib/x86_64-linux-gnu/gazebo-11/plugins:/usr/lib/x86_64-linux-gnu/gazebo-11/plugins:/usr/lib/x86_64-linux-gnu/gazebo-11/plugins PYTHONPATH=/home/aidenshaevitz/ros2_ws/src/stretch_sensor/build/stretch_sensor_mocap/prefix_override:/home/aidenshaevitz/ros2_ws/src/stretch_sensor/install/stretch_sensor_mocap/lib/python3.10/site-packages:/home/aidenshaevitz/ros2_ws/src/stretch_sensor/install/stretch_sensor_msgs/local/lib/python3.10/dist-packages:${PYTHONPATH} /usr/bin/python3 setup.py egg_info --egg-base ../build/stretch_sensor_mocap build --build-base /home/aidenshaevitz/ros2_ws/src/stretch_sensor/build/stretch_sensor_mocap/build install --record /home/aidenshaevitz/ros2_ws/src/stretch_sensor/build/stretch_sensor_mocap/install.log --single-version-externally-managed
[1.041s] running egg_info
[1.042s] writing ../build/stretch_sensor_mocap/stretch_sensor_mocap.egg-info/PKG-INFO
[1.042s] writing dependency_links to ../build/stretch_sensor_mocap/stretch_sensor_mocap.egg-info/dependency_links.txt
[1.042s] writing entry points to ../build/stretch_sensor_mocap/stretch_sensor_mocap.egg-info/entry_points.txt
[1.043s] writing requirements to ../build/stretch_sensor_mocap/stretch_sensor_mocap.egg-info/requires.txt
[1.043s] writing top-level names to ../build/stretch_sensor_mocap/stretch_sensor_mocap.egg-info/top_level.txt
[1.044s] reading manifest file '../build/stretch_sensor_mocap/stretch_sensor_mocap.egg-info/SOURCES.txt'
[1.049s] adding license file 'LICENSE'
[1.050s] writing manifest file '../build/stretch_sensor_mocap/stretch_sensor_mocap.egg-info/SOURCES.txt'
[1.050s] running build
[1.050s] running build_py
[1.050s] copying stretch_sensor_mocap/serial_data_publisher.py -> /home/aidenshaevitz/ros2_ws/src/stretch_sensor/build/stretch_sensor_mocap/build/lib/stretch_sensor_mocap
[1.050s] copying stretch_sensor_mocap/sensor_reconstruction.py -> /home/aidenshaevitz/ros2_ws/src/stretch_sensor/build/stretch_sensor_mocap/build/lib/stretch_sensor_mocap
[1.051s] copying stretch_sensor_mocap/sensor_data_processing.py -> /home/aidenshaevitz/ros2_ws/src/stretch_sensor/build/stretch_sensor_mocap/build/lib/stretch_sensor_mocap
[1.051s] copying stretch_sensor_mocap/test_quat_rotations.py -> /home/aidenshaevitz/ros2_ws/src/stretch_sensor/build/stretch_sensor_mocap/build/lib/stretch_sensor_mocap
[1.051s] running install
[1.051s] running install_lib
[1.052s] copying /home/aidenshaevitz/ros2_ws/src/stretch_sensor/build/stretch_sensor_mocap/build/lib/stretch_sensor_mocap/serial_data_publisher.py -> /home/aidenshaevitz/ros2_ws/src/stretch_sensor/install/stretch_sensor_mocap/lib/python3.10/site-packages/stretch_sensor_mocap
[1.052s] copying /home/aidenshaevitz/ros2_ws/src/stretch_sensor/build/stretch_sensor_mocap/build/lib/stretch_sensor_mocap/sensor_reconstruction.py -> /home/aidenshaevitz/ros2_ws/src/stretch_sensor/install/stretch_sensor_mocap/lib/python3.10/site-packages/stretch_sensor_mocap
[1.053s] copying /home/aidenshaevitz/ros2_ws/src/stretch_sensor/build/stretch_sensor_mocap/build/lib/stretch_sensor_mocap/sensor_data_processing.py -> /home/aidenshaevitz/ros2_ws/src/stretch_sensor/install/stretch_sensor_mocap/lib/python3.10/site-packages/stretch_sensor_mocap
[1.053s] copying /home/aidenshaevitz/ros2_ws/src/stretch_sensor/build/stretch_sensor_mocap/build/lib/stretch_sensor_mocap/test_quat_rotations.py -> /home/aidenshaevitz/ros2_ws/src/stretch_sensor/install/stretch_sensor_mocap/lib/python3.10/site-packages/stretch_sensor_mocap
[1.053s] byte-compiling /home/aidenshaevitz/ros2_ws/src/stretch_sensor/install/stretch_sensor_mocap/lib/python3.10/site-packages/stretch_sensor_mocap/serial_data_publisher.py to serial_data_publisher.cpython-310.pyc
[1.054s] byte-compiling /home/aidenshaevitz/ros2_ws/src/stretch_sensor/install/stretch_sensor_mocap/lib/python3.10/site-packages/stretch_sensor_mocap/sensor_reconstruction.py to sensor_reconstruction.cpython-310.pyc
[1.055s] byte-compiling /home/aidenshaevitz/ros2_ws/src/stretch_sensor/install/stretch_sensor_mocap/lib/python3.10/site-packages/stretch_sensor_mocap/sensor_data_processing.py to sensor_data_processing.cpython-310.pyc
[1.056s] byte-compiling /home/aidenshaevitz/ros2_ws/src/stretch_sensor/install/stretch_sensor_mocap/lib/python3.10/site-packages/stretch_sensor_mocap/test_quat_rotations.py to test_quat_rotations.cpython-310.pyc
[1.057s] running install_data
[1.057s] copying package.xml -> /home/aidenshaevitz/ros2_ws/src/stretch_sensor/install/stretch_sensor_mocap/share/stretch_sensor_mocap
[1.058s] creating /home/aidenshaevitz/ros2_ws/src/stretch_sensor/install/stretch_sensor_mocap/share/stretch_sensor_mocap/launch
[1.058s] copying launch/stretch_sensor_launch.py -> /home/aidenshaevitz/ros2_ws/src/stretch_sensor/install/stretch_sensor_mocap/share/stretch_sensor_mocap/launch
[1.059s] running install_egg_info
[1.061s] removing '/home/aidenshaevitz/ros2_ws/src/stretch_sensor/install/stretch_sensor_mocap/lib/python3.10/site-packages/stretch_sensor_mocap-0.0.0-py3.10.egg-info' (and everything under it)
[1.062s] Copying ../build/stretch_sensor_mocap/stretch_sensor_mocap.egg-info to /home/aidenshaevitz/ros2_ws/src/stretch_sensor/install/stretch_sensor_mocap/lib/python3.10/site-packages/stretch_sensor_mocap-0.0.0-py3.10.egg-info
[1.063s] running install_scripts
[1.086s] Installing reconstruction script to /home/aidenshaevitz/ros2_ws/src/stretch_sensor/install/stretch_sensor_mocap/lib/stretch_sensor_mocap
[1.086s] Installing sensor_processor script to /home/aidenshaevitz/ros2_ws/src/stretch_sensor/install/stretch_sensor_mocap/lib/stretch_sensor_mocap
[1.086s] Installing sensor_publisher script to /home/aidenshaevitz/ros2_ws/src/stretch_sensor/install/stretch_sensor_mocap/lib/stretch_sensor_mocap
[1.087s] writing list of installed files to '/home/aidenshaevitz/ros2_ws/src/stretch_sensor/build/stretch_sensor_mocap/install.log'
[1.105s] Invoked command in '/home/aidenshaevitz/ros2_ws/src/stretch_sensor/stretch_sensor_mocap' returned '0': AMENT_PREFIX_PATH=/home/aidenshaevitz/ros2_ws/src/stretch_sensor/install/stretch_sensor_msgs:${AMENT_PREFIX_PATH} CMAKE_PREFIX_PATH=/home/aidenshaevitz/ros2_ws/src/stretch_sensor/install/stretch_sensor_msgs:${CMAKE_PREFIX_PATH} LD_LIBRARY_PATH=/home/aidenshaevitz/ros2_ws/src/stretch_sensor/install/stretch_sensor_msgs/lib:/home/aidenshaevitz/ros2_ws/install/stretch_sensor_msgs/lib:/home/aidenshaevitz/ros2_ws/install/rob599_hw3_msgs/lib:/home/aidenshaevitz/ros2_ws/install/rob599_hw2_msgs/lib:/usr/lib/x86_64-linux-gnu/gazebo-11/plugins:/opt/ros/humble/opt/rviz_ogre_vendor/lib:/opt/ros/humble/lib/x86_64-linux-gnu:/opt/ros/humble/lib:/usr/lib/x86_64-linux-gnu/gazebo-11/plugins:/usr/lib/x86_64-linux-gnu/gazebo-11/plugins:/usr/lib/x86_64-linux-gnu/gazebo-11/plugins PYTHONPATH=/home/aidenshaevitz/ros2_ws/src/stretch_sensor/build/stretch_sensor_mocap/prefix_override:/home/aidenshaevitz/ros2_ws/src/stretch_sensor/install/stretch_sensor_mocap/lib/python3.10/site-packages:/home/aidenshaevitz/ros2_ws/src/stretch_sensor/install/stretch_sensor_msgs/local/lib/python3.10/dist-packages:${PYTHONPATH} /usr/bin/python3 setup.py egg_info --egg-base ../build/stretch_sensor_mocap build --build-base /home/aidenshaevitz/ros2_ws/src/stretch_sensor/build/stretch_sensor_mocap/build install --record /home/aidenshaevitz/ros2_ws/src/stretch_sensor/build/stretch_sensor_mocap/install.log --single-version-externally-managed
