/home/aidenshaevitz/ros2_ws/src/stretch_sensor/install/stretch_sensor_mocap/lib/python3.10/site-packages/stretch_sensor_mocap/serial_data_publisher.py
/home/aidenshaevitz/ros2_ws/src/stretch_sensor/install/stretch_sensor_mocap/lib/python3.10/site-packages/stretch_sensor_mocap/sensor_reconstruction.py
/home/aidenshaevitz/ros2_ws/src/stretch_sensor/install/stretch_sensor_mocap/lib/python3.10/site-packages/stretch_sensor_mocap/sensor_data_processing.py
/home/aidenshaevitz/ros2_ws/src/stretch_sensor/install/stretch_sensor_mocap/lib/python3.10/site-packages/stretch_sensor_mocap/test_quat_rotations.py
/home/aidenshaevitz/ros2_ws/src/stretch_sensor/install/stretch_sensor_mocap/lib/python3.10/site-packages/stretch_sensor_mocap/__init__.py
/home/aidenshaevitz/ros2_ws/src/stretch_sensor/install/stretch_sensor_mocap/lib/python3.10/site-packages/stretch_sensor_mocap/__pycache__/serial_data_publisher.cpython-310.pyc
/home/aidenshaevitz/ros2_ws/src/stretch_sensor/install/stretch_sensor_mocap/lib/python3.10/site-packages/stretch_sensor_mocap/__pycache__/sensor_reconstruction.cpython-310.pyc
/home/aidenshaevitz/ros2_ws/src/stretch_sensor/install/stretch_sensor_mocap/lib/python3.10/site-packages/stretch_sensor_mocap/__pycache__/sensor_data_processing.cpython-310.pyc
/home/aidenshaevitz/ros2_ws/src/stretch_sensor/install/stretch_sensor_mocap/lib/python3.10/site-packages/stretch_sensor_mocap/__pycache__/test_quat_rotations.cpython-310.pyc
/home/aidenshaevitz/ros2_ws/src/stretch_sensor/install/stretch_sensor_mocap/lib/python3.10/site-packages/stretch_sensor_mocap/__pycache__/__init__.cpython-310.pyc
/home/aidenshaevitz/ros2_ws/src/stretch_sensor/install/stretch_sensor_mocap/share/ament_index/resource_index/packages/stretch_sensor_mocap
/home/aidenshaevitz/ros2_ws/src/stretch_sensor/install/stretch_sensor_mocap/share/stretch_sensor_mocap/package.xml
/home/aidenshaevitz/ros2_ws/src/stretch_sensor/install/stretch_sensor_mocap/share/stretch_sensor_mocap/launch/stretch_sensor_launch.py
/home/aidenshaevitz/ros2_ws/src/stretch_sensor/install/stretch_sensor_mocap/lib/python3.10/site-packages/stretch_sensor_mocap-0.0.0-py3.10.egg-info/zip-safe
/home/aidenshaevitz/ros2_ws/src/stretch_sensor/install/stretch_sensor_mocap/lib/python3.10/site-packages/stretch_sensor_mocap-0.0.0-py3.10.egg-info/top_level.txt
/home/aidenshaevitz/ros2_ws/src/stretch_sensor/install/stretch_sensor_mocap/lib/python3.10/site-packages/stretch_sensor_mocap-0.0.0-py3.10.egg-info/requires.txt
/home/aidenshaevitz/ros2_ws/src/stretch_sensor/install/stretch_sensor_mocap/lib/python3.10/site-packages/stretch_sensor_mocap-0.0.0-py3.10.egg-info/entry_points.txt
/home/aidenshaevitz/ros2_ws/src/stretch_sensor/install/stretch_sensor_mocap/lib/python3.10/site-packages/stretch_sensor_mocap-0.0.0-py3.10.egg-info/PKG-INFO
/home/aidenshaevitz/ros2_ws/src/stretch_sensor/install/stretch_sensor_mocap/lib/python3.10/site-packages/stretch_sensor_mocap-0.0.0-py3.10.egg-info/SOURCES.txt
/home/aidenshaevitz/ros2_ws/src/stretch_sensor/install/stretch_sensor_mocap/lib/python3.10/site-packages/stretch_sensor_mocap-0.0.0-py3.10.egg-info/dependency_links.txt
/home/aidenshaevitz/ros2_ws/src/stretch_sensor/install/stretch_sensor_mocap/lib/stretch_sensor_mocap/reconstruction
/home/aidenshaevitz/ros2_ws/src/stretch_sensor/install/stretch_sensor_mocap/lib/stretch_sensor_mocap/sensor_processor
/home/aidenshaevitz/ros2_ws/src/stretch_sensor/install/stretch_sensor_mocap/lib/stretch_sensor_mocap/sensor_publisher
