-- Found ament_cmake: 1.3.8 (/opt/ros/humble/share/ament_cmake/cmake)
-- Found Python3: /usr/bin/python3 (found version "3.10.12") found components: Interpreter 
-- Found geometry_msgs: 4.2.3 (/opt/ros/humble/share/geometry_msgs/cmake)
-- Found rosidl_generator_c: 3.1.5 (/opt/ros/humble/share/rosidl_generator_c/cmake)
-- Found rosidl_adapter: 3.1.5 (/opt/ros/humble/share/rosidl_adapter/cmake)
-- Found rosidl_generator_cpp: 3.1.5 (/opt/ros/humble/share/rosidl_generator_cpp/cmake)
-- Using all available rosidl_typesupport_c: rosidl_typesupport_fastrtps_c;rosidl_typesupport_introspection_c
-- Using all available rosidl_typesupport_cpp: rosidl_typesupport_fastrtps_cpp;rosidl_typesupport_introspection_cpp
-- Found rosidl_default_generators: 1.2.0 (/opt/ros/humble/share/rosidl_default_generators/cmake)
-- Found ament_cmake_ros: 0.10.0 (/opt/ros/humble/share/ament_cmake_ros/cmake)
-- Using all available rosidl_typesupport_c: rosidl_typesupport_fastrtps_c;rosidl_typesupport_introspection_c
-- Using all available rosidl_typesupport_cpp: rosidl_typesupport_fastrtps_cpp;rosidl_typesupport_introspection_cpp
-- Found PythonInterp: /usr/bin/python3 (found suitable version "3.10.12", minimum required is "3.6") 
-- Found python_cmake_module: 0.10.0 (/opt/ros/humble/share/python_cmake_module/cmake)
-- Found PythonLibs: /usr/lib/x86_64-linux-gnu/libpython3.10.so (found suitable version "3.10.12", minimum required is "3.5") 
-- Using PYTHON_EXECUTABLE: /usr/bin/python3
-- Using PYTHON_INCLUDE_DIRS: /usr/include/python3.10
-- Using PYTHON_LIBRARIES: /usr/lib/x86_64-linux-gnu/libpython3.10.so
-- Found PythonExtra: .so  
-- Found ament_lint_auto: 0.12.10 (/opt/ros/humble/share/ament_lint_auto/cmake)
-- Added test 'cppcheck' to perform static code analysis on C / C++ code
-- Configured cppcheck include dirs: 
-- Configured cppcheck exclude dirs and/or files: 
-- Added test 'flake8' to check Python code syntax and style conventions
-- Added test 'lint_cmake' to check CMake code style
-- Added test 'pep257' to check Python code against some of the docstring style conventions in PEP 257
-- Added test 'uncrustify' to check C / C++ code style
-- Configured uncrustify additional arguments: 
-- Added test 'xmllint' to check XML markup files
-- Configuring done
-- Generating done
-- Build files have been written to: /home/aidenshaevitz/ros2_ws/src/stretch_sensor/build/stretch_sensor_msgs
[  2%] [34m[1mGenerating C code for ROS interfaces[0m
[  5%] [34m[1mGenerating C++ code for ROS interfaces[0m
[  5%] Built target ament_cmake_python_copy_stretch_sensor_msgs
running egg_info
creating stretch_sensor_msgs.egg-info
writing stretch_sensor_msgs.egg-info/PKG-INFO
writing dependency_links to stretch_sensor_msgs.egg-info/dependency_links.txt
writing top-level names to stretch_sensor_msgs.egg-info/top_level.txt
writing manifest file 'stretch_sensor_msgs.egg-info/SOURCES.txt'
reading manifest file 'stretch_sensor_msgs.egg-info/SOURCES.txt'
writing manifest file 'stretch_sensor_msgs.egg-info/SOURCES.txt'
[  5%] Built target ament_cmake_python_build_stretch_sensor_msgs_egg
[  5%] Built target stretch_sensor_msgs__cpp
[  7%] [32mBuilding C object CMakeFiles/stretch_sensor_msgs__rosidl_generator_c.dir/rosidl_generator_c/stretch_sensor_msgs/msg/detail/node_message__functions.c.o[0m
[ 10%] [32mBuilding C object CMakeFiles/stretch_sensor_msgs__rosidl_generator_c.dir/rosidl_generator_c/stretch_sensor_msgs/msg/detail/node_message_array__functions.c.o[0m
[ 15%] [34m[1mGenerating C++ type support for eProsima Fast-RTPS[0m
[ 15%] [34m[1mGenerating C++ type support dispatch for ROS interfaces[0m
[ 17%] [34m[1mGenerating C++ introspection for ROS interfaces[0m
[ 20%] [32m[1mLinking C shared library libstretch_sensor_msgs__rosidl_generator_c.so[0m
[ 20%] Built target stretch_sensor_msgs__rosidl_generator_c
[ 23%] [34m[1mGenerating C type support for eProsima Fast-RTPS[0m
[ 28%] [34m[1mGenerating C type support dispatch for ROS interfaces[0m
[ 28%] [34m[1mGenerating C introspection for ROS interfaces[0m
[ 30%] [32mBuilding CXX object CMakeFiles/stretch_sensor_msgs__rosidl_typesupport_cpp.dir/rosidl_typesupport_cpp/stretch_sensor_msgs/msg/node_message__type_support.cpp.o[0m
[ 33%] [32mBuilding CXX object CMakeFiles/stretch_sensor_msgs__rosidl_typesupport_cpp.dir/rosidl_typesupport_cpp/stretch_sensor_msgs/msg/node_message_array__type_support.cpp.o[0m
[ 38%] [32mBuilding CXX object CMakeFiles/stretch_sensor_msgs__rosidl_typesupport_introspection_cpp.dir/rosidl_typesupport_introspection_cpp/stretch_sensor_msgs/msg/detail/node_message_array__type_support.cpp.o[0m
[ 38%] [32mBuilding CXX object CMakeFiles/stretch_sensor_msgs__rosidl_typesupport_introspection_cpp.dir/rosidl_typesupport_introspection_cpp/stretch_sensor_msgs/msg/detail/node_message__type_support.cpp.o[0m
[ 41%] [32mBuilding CXX object CMakeFiles/stretch_sensor_msgs__rosidl_typesupport_fastrtps_cpp.dir/rosidl_typesupport_fastrtps_cpp/stretch_sensor_msgs/msg/detail/dds_fastrtps/node_message__type_support.cpp.o[0m
[ 43%] [32mBuilding CXX object CMakeFiles/stretch_sensor_msgs__rosidl_typesupport_fastrtps_cpp.dir/rosidl_typesupport_fastrtps_cpp/stretch_sensor_msgs/msg/detail/dds_fastrtps/node_message_array__type_support.cpp.o[0m
[ 48%] [32mBuilding CXX object CMakeFiles/stretch_sensor_msgs__rosidl_typesupport_c.dir/rosidl_typesupport_c/stretch_sensor_msgs/msg/node_message_array__type_support.cpp.o[0m
[ 48%] [32mBuilding CXX object CMakeFiles/stretch_sensor_msgs__rosidl_typesupport_c.dir/rosidl_typesupport_c/stretch_sensor_msgs/msg/node_message__type_support.cpp.o[0m
[ 51%] [32m[1mLinking CXX shared library libstretch_sensor_msgs__rosidl_typesupport_c.so[0m
[ 51%] Built target stretch_sensor_msgs__rosidl_typesupport_c
[ 56%] [32mBuilding C object CMakeFiles/stretch_sensor_msgs__rosidl_typesupport_introspection_c.dir/rosidl_typesupport_introspection_c/stretch_sensor_msgs/msg/detail/node_message__type_support.c.o[0m
[ 56%] [32mBuilding C object CMakeFiles/stretch_sensor_msgs__rosidl_typesupport_introspection_c.dir/rosidl_typesupport_introspection_c/stretch_sensor_msgs/msg/detail/node_message_array__type_support.c.o[0m
[ 58%] [32mBuilding CXX object CMakeFiles/stretch_sensor_msgs__rosidl_typesupport_fastrtps_c.dir/rosidl_typesupport_fastrtps_c/stretch_sensor_msgs/msg/detail/node_message__type_support_c.cpp.o[0m
[ 61%] [32mBuilding CXX object CMakeFiles/stretch_sensor_msgs__rosidl_typesupport_fastrtps_c.dir/rosidl_typesupport_fastrtps_c/stretch_sensor_msgs/msg/detail/node_message_array__type_support_c.cpp.o[0m
[ 64%] [32m[1mLinking C shared library libstretch_sensor_msgs__rosidl_typesupport_introspection_c.so[0m
[ 64%] Built target stretch_sensor_msgs__rosidl_typesupport_introspection_c
[ 66%] [32m[1mLinking CXX shared library libstretch_sensor_msgs__rosidl_typesupport_cpp.so[0m
[ 66%] Built target stretch_sensor_msgs__rosidl_typesupport_cpp
[ 69%] [32m[1mLinking CXX shared library libstretch_sensor_msgs__rosidl_typesupport_fastrtps_c.so[0m
[ 71%] [32m[1mLinking CXX shared library libstretch_sensor_msgs__rosidl_typesupport_introspection_cpp.so[0m
[ 74%] [32m[1mLinking CXX shared library libstretch_sensor_msgs__rosidl_typesupport_fastrtps_cpp.so[0m
[ 74%] Built target stretch_sensor_msgs__rosidl_typesupport_fastrtps_c
[ 74%] Built target stretch_sensor_msgs__rosidl_typesupport_introspection_cpp
[ 74%] Built target stretch_sensor_msgs__rosidl_typesupport_fastrtps_cpp
[ 74%] Built target stretch_sensor_msgs
[ 76%] [34m[1mGenerating Python code for ROS interfaces[0m
[ 76%] Built target stretch_sensor_msgs__py
[ 79%] [32mBuilding C object CMakeFiles/stretch_sensor_msgs__rosidl_generator_py.dir/rosidl_generator_py/stretch_sensor_msgs/msg/_node_message_s.c.o[0m
[ 82%] [32mBuilding C object CMakeFiles/stretch_sensor_msgs__rosidl_generator_py.dir/rosidl_generator_py/stretch_sensor_msgs/msg/_node_message_array_s.c.o[0m
[ 84%] [32m[1mLinking C shared library rosidl_generator_py/stretch_sensor_msgs/libstretch_sensor_msgs__rosidl_generator_py.so[0m
[ 84%] Built target stretch_sensor_msgs__rosidl_generator_py
[ 92%] [32mBuilding C object CMakeFiles/stretch_sensor_msgs__rosidl_typesupport_c__pyext.dir/rosidl_generator_py/stretch_sensor_msgs/_stretch_sensor_msgs_s.ep.rosidl_typesupport_c.c.o[0m
[ 92%] [32mBuilding C object CMakeFiles/stretch_sensor_msgs__rosidl_typesupport_fastrtps_c__pyext.dir/rosidl_generator_py/stretch_sensor_msgs/_stretch_sensor_msgs_s.ep.rosidl_typesupport_fastrtps_c.c.o[0m
[ 92%] [32mBuilding C object CMakeFiles/stretch_sensor_msgs__rosidl_typesupport_introspection_c__pyext.dir/rosidl_generator_py/stretch_sensor_msgs/_stretch_sensor_msgs_s.ep.rosidl_typesupport_introspection_c.c.o[0m
[ 94%] [32m[1mLinking C shared library rosidl_generator_py/stretch_sensor_msgs/stretch_sensor_msgs_s__rosidl_typesupport_fastrtps_c.cpython-310-x86_64-linux-gnu.so[0m
[ 97%] [32m[1mLinking C shared library rosidl_generator_py/stretch_sensor_msgs/stretch_sensor_msgs_s__rosidl_typesupport_c.cpython-310-x86_64-linux-gnu.so[0m
[100%] [32m[1mLinking C shared library rosidl_generator_py/stretch_sensor_msgs/stretch_sensor_msgs_s__rosidl_typesupport_introspection_c.cpython-310-x86_64-linux-gnu.so[0m
[100%] Built target stretch_sensor_msgs__rosidl_typesupport_c__pyext
[100%] Built target stretch_sensor_msgs__rosidl_typesupport_introspection_c__pyext
[100%] Built target stretch_sensor_msgs__rosidl_typesupport_fastrtps_c__pyext
-- Install configuration: ""
-- Installing: /home/aidenshaevitz/ros2_ws/src/stretch_sensor/install/stretch_sensor_msgs/share/ament_index/resource_index/rosidl_interfaces/stretch_sensor_msgs
-- Installing: /home/aidenshaevitz/ros2_ws/src/stretch_sensor/install/stretch_sensor_msgs/include/stretch_sensor_msgs/stretch_sensor_msgs
-- Installing: /home/aidenshaevitz/ros2_ws/src/stretch_sensor/install/stretch_sensor_msgs/include/stretch_sensor_msgs/stretch_sensor_msgs/msg
-- Installing: /home/aidenshaevitz/ros2_ws/src/stretch_sensor/install/stretch_sensor_msgs/include/stretch_sensor_msgs/stretch_sensor_msgs/msg/rosidl_generator_c__visibility_control.h
-- Installing: /home/aidenshaevitz/ros2_ws/src/stretch_sensor/install/stretch_sensor_msgs/include/stretch_sensor_msgs/stretch_sensor_msgs/msg/node_message.h
-- Installing: /home/aidenshaevitz/ros2_ws/src/stretch_sensor/install/stretch_sensor_msgs/include/stretch_sensor_msgs/stretch_sensor_msgs/msg/node_message_array.h
-- Installing: /home/aidenshaevitz/ros2_ws/src/stretch_sensor/install/stretch_sensor_msgs/include/stretch_sensor_msgs/stretch_sensor_msgs/msg/detail
-- Installing: /home/aidenshaevitz/ros2_ws/src/stretch_sensor/install/stretch_sensor_msgs/include/stretch_sensor_msgs/stretch_sensor_msgs/msg/detail/node_message__type_support.h
-- Installing: /home/aidenshaevitz/ros2_ws/src/stretch_sensor/install/stretch_sensor_msgs/include/stretch_sensor_msgs/stretch_sensor_msgs/msg/detail/node_message__struct.h
-- Installing: /home/aidenshaevitz/ros2_ws/src/stretch_sensor/install/stretch_sensor_msgs/include/stretch_sensor_msgs/stretch_sensor_msgs/msg/detail/node_message_array__struct.h
-- Installing: /home/aidenshaevitz/ros2_ws/src/stretch_sensor/install/stretch_sensor_msgs/include/stretch_sensor_msgs/stretch_sensor_msgs/msg/detail/node_message__functions.h
-- Installing: /home/aidenshaevitz/ros2_ws/src/stretch_sensor/install/stretch_sensor_msgs/include/stretch_sensor_msgs/stretch_sensor_msgs/msg/detail/node_message_array__type_support.h
-- Installing: /home/aidenshaevitz/ros2_ws/src/stretch_sensor/install/stretch_sensor_msgs/include/stretch_sensor_msgs/stretch_sensor_msgs/msg/detail/node_message_array__functions.h
-- Installing: /home/aidenshaevitz/ros2_ws/src/stretch_sensor/install/stretch_sensor_msgs/include/stretch_sensor_msgs/stretch_sensor_msgs/msg/detail/node_message_array__functions.c
-- Installing: /home/aidenshaevitz/ros2_ws/src/stretch_sensor/install/stretch_sensor_msgs/include/stretch_sensor_msgs/stretch_sensor_msgs/msg/detail/node_message__functions.c
-- Installing: /home/aidenshaevitz/ros2_ws/src/stretch_sensor/install/stretch_sensor_msgs/share/stretch_sensor_msgs/environment/library_path.sh
-- Installing: /home/aidenshaevitz/ros2_ws/src/stretch_sensor/install/stretch_sensor_msgs/share/stretch_sensor_msgs/environment/library_path.dsv
-- Installing: /home/aidenshaevitz/ros2_ws/src/stretch_sensor/install/stretch_sensor_msgs/lib/libstretch_sensor_msgs__rosidl_generator_c.so
-- Set runtime path of "/home/aidenshaevitz/ros2_ws/src/stretch_sensor/install/stretch_sensor_msgs/lib/libstretch_sensor_msgs__rosidl_generator_c.so" to ""
-- Up-to-date: /home/aidenshaevitz/ros2_ws/src/stretch_sensor/install/stretch_sensor_msgs/include/stretch_sensor_msgs/stretch_sensor_msgs
-- Up-to-date: /home/aidenshaevitz/ros2_ws/src/stretch_sensor/install/stretch_sensor_msgs/include/stretch_sensor_msgs/stretch_sensor_msgs/msg
-- Installing: /home/aidenshaevitz/ros2_ws/src/stretch_sensor/install/stretch_sensor_msgs/include/stretch_sensor_msgs/stretch_sensor_msgs/msg/rosidl_typesupport_fastrtps_c__visibility_control.h
-- Up-to-date: /home/aidenshaevitz/ros2_ws/src/stretch_sensor/install/stretch_sensor_msgs/include/stretch_sensor_msgs/stretch_sensor_msgs/msg/detail
-- Installing: /home/aidenshaevitz/ros2_ws/src/stretch_sensor/install/stretch_sensor_msgs/include/stretch_sensor_msgs/stretch_sensor_msgs/msg/detail/node_message_array__rosidl_typesupport_fastrtps_c.h
-- Installing: /home/aidenshaevitz/ros2_ws/src/stretch_sensor/install/stretch_sensor_msgs/include/stretch_sensor_msgs/stretch_sensor_msgs/msg/detail/node_message__rosidl_typesupport_fastrtps_c.h
-- Installing: /home/aidenshaevitz/ros2_ws/src/stretch_sensor/install/stretch_sensor_msgs/lib/libstretch_sensor_msgs__rosidl_typesupport_fastrtps_c.so
-- Set runtime path of "/home/aidenshaevitz/ros2_ws/src/stretch_sensor/install/stretch_sensor_msgs/lib/libstretch_sensor_msgs__rosidl_typesupport_fastrtps_c.so" to ""
-- Up-to-date: /home/aidenshaevitz/ros2_ws/src/stretch_sensor/install/stretch_sensor_msgs/include/stretch_sensor_msgs/stretch_sensor_msgs
-- Up-to-date: /home/aidenshaevitz/ros2_ws/src/stretch_sensor/install/stretch_sensor_msgs/include/stretch_sensor_msgs/stretch_sensor_msgs/msg
-- Installing: /home/aidenshaevitz/ros2_ws/src/stretch_sensor/install/stretch_sensor_msgs/include/stretch_sensor_msgs/stretch_sensor_msgs/msg/node_message.hpp
-- Installing: /home/aidenshaevitz/ros2_ws/src/stretch_sensor/install/stretch_sensor_msgs/include/stretch_sensor_msgs/stretch_sensor_msgs/msg/node_message_array.hpp
-- Up-to-date: /home/aidenshaevitz/ros2_ws/src/stretch_sensor/install/stretch_sensor_msgs/include/stretch_sensor_msgs/stretch_sensor_msgs/msg/detail
-- Installing: /home/aidenshaevitz/ros2_ws/src/stretch_sensor/install/stretch_sensor_msgs/include/stretch_sensor_msgs/stretch_sensor_msgs/msg/detail/node_message_array__traits.hpp
-- Installing: /home/aidenshaevitz/ros2_ws/src/stretch_sensor/install/stretch_sensor_msgs/include/stretch_sensor_msgs/stretch_sensor_msgs/msg/detail/node_message__builder.hpp
-- Installing: /home/aidenshaevitz/ros2_ws/src/stretch_sensor/install/stretch_sensor_msgs/include/stretch_sensor_msgs/stretch_sensor_msgs/msg/detail/node_message_array__builder.hpp
-- Installing: /home/aidenshaevitz/ros2_ws/src/stretch_sensor/install/stretch_sensor_msgs/include/stretch_sensor_msgs/stretch_sensor_msgs/msg/detail/node_message__traits.hpp
-- Installing: /home/aidenshaevitz/ros2_ws/src/stretch_sensor/install/stretch_sensor_msgs/include/stretch_sensor_msgs/stretch_sensor_msgs/msg/detail/node_message_array__struct.hpp
-- Installing: /home/aidenshaevitz/ros2_ws/src/stretch_sensor/install/stretch_sensor_msgs/include/stretch_sensor_msgs/stretch_sensor_msgs/msg/detail/node_message__struct.hpp
-- Up-to-date: /home/aidenshaevitz/ros2_ws/src/stretch_sensor/install/stretch_sensor_msgs/include/stretch_sensor_msgs/stretch_sensor_msgs
-- Up-to-date: /home/aidenshaevitz/ros2_ws/src/stretch_sensor/install/stretch_sensor_msgs/include/stretch_sensor_msgs/stretch_sensor_msgs/msg
-- Installing: /home/aidenshaevitz/ros2_ws/src/stretch_sensor/install/stretch_sensor_msgs/include/stretch_sensor_msgs/stretch_sensor_msgs/msg/rosidl_typesupport_fastrtps_cpp__visibility_control.h
-- Up-to-date: /home/aidenshaevitz/ros2_ws/src/stretch_sensor/install/stretch_sensor_msgs/include/stretch_sensor_msgs/stretch_sensor_msgs/msg/detail
-- Installing: /home/aidenshaevitz/ros2_ws/src/stretch_sensor/install/stretch_sensor_msgs/include/stretch_sensor_msgs/stretch_sensor_msgs/msg/detail/dds_fastrtps
-- Installing: /home/aidenshaevitz/ros2_ws/src/stretch_sensor/install/stretch_sensor_msgs/include/stretch_sensor_msgs/stretch_sensor_msgs/msg/detail/node_message__rosidl_typesupport_fastrtps_cpp.hpp
-- Installing: /home/aidenshaevitz/ros2_ws/src/stretch_sensor/install/stretch_sensor_msgs/include/stretch_sensor_msgs/stretch_sensor_msgs/msg/detail/node_message_array__rosidl_typesupport_fastrtps_cpp.hpp
-- Installing: /home/aidenshaevitz/ros2_ws/src/stretch_sensor/install/stretch_sensor_msgs/lib/libstretch_sensor_msgs__rosidl_typesupport_fastrtps_cpp.so
-- Set runtime path of "/home/aidenshaevitz/ros2_ws/src/stretch_sensor/install/stretch_sensor_msgs/lib/libstretch_sensor_msgs__rosidl_typesupport_fastrtps_cpp.so" to ""
-- Up-to-date: /home/aidenshaevitz/ros2_ws/src/stretch_sensor/install/stretch_sensor_msgs/include/stretch_sensor_msgs/stretch_sensor_msgs
-- Up-to-date: /home/aidenshaevitz/ros2_ws/src/stretch_sensor/install/stretch_sensor_msgs/include/stretch_sensor_msgs/stretch_sensor_msgs/msg
-- Installing: /home/aidenshaevitz/ros2_ws/src/stretch_sensor/install/stretch_sensor_msgs/include/stretch_sensor_msgs/stretch_sensor_msgs/msg/rosidl_typesupport_introspection_c__visibility_control.h
-- Up-to-date: /home/aidenshaevitz/ros2_ws/src/stretch_sensor/install/stretch_sensor_msgs/include/stretch_sensor_msgs/stretch_sensor_msgs/msg/detail
-- Installing: /home/aidenshaevitz/ros2_ws/src/stretch_sensor/install/stretch_sensor_msgs/include/stretch_sensor_msgs/stretch_sensor_msgs/msg/detail/node_message_array__type_support.c
-- Installing: /home/aidenshaevitz/ros2_ws/src/stretch_sensor/install/stretch_sensor_msgs/include/stretch_sensor_msgs/stretch_sensor_msgs/msg/detail/node_message_array__rosidl_typesupport_introspection_c.h
-- Installing: /home/aidenshaevitz/ros2_ws/src/stretch_sensor/install/stretch_sensor_msgs/include/stretch_sensor_msgs/stretch_sensor_msgs/msg/detail/node_message__rosidl_typesupport_introspection_c.h
-- Installing: /home/aidenshaevitz/ros2_ws/src/stretch_sensor/install/stretch_sensor_msgs/include/stretch_sensor_msgs/stretch_sensor_msgs/msg/detail/node_message__type_support.c
-- Installing: /home/aidenshaevitz/ros2_ws/src/stretch_sensor/install/stretch_sensor_msgs/lib/libstretch_sensor_msgs__rosidl_typesupport_introspection_c.so
-- Set runtime path of "/home/aidenshaevitz/ros2_ws/src/stretch_sensor/install/stretch_sensor_msgs/lib/libstretch_sensor_msgs__rosidl_typesupport_introspection_c.so" to ""
-- Installing: /home/aidenshaevitz/ros2_ws/src/stretch_sensor/install/stretch_sensor_msgs/lib/libstretch_sensor_msgs__rosidl_typesupport_c.so
-- Set runtime path of "/home/aidenshaevitz/ros2_ws/src/stretch_sensor/install/stretch_sensor_msgs/lib/libstretch_sensor_msgs__rosidl_typesupport_c.so" to ""
-- Up-to-date: /home/aidenshaevitz/ros2_ws/src/stretch_sensor/install/stretch_sensor_msgs/include/stretch_sensor_msgs/stretch_sensor_msgs
-- Up-to-date: /home/aidenshaevitz/ros2_ws/src/stretch_sensor/install/stretch_sensor_msgs/include/stretch_sensor_msgs/stretch_sensor_msgs/msg
-- Up-to-date: /home/aidenshaevitz/ros2_ws/src/stretch_sensor/install/stretch_sensor_msgs/include/stretch_sensor_msgs/stretch_sensor_msgs/msg/detail
-- Installing: /home/aidenshaevitz/ros2_ws/src/stretch_sensor/install/stretch_sensor_msgs/include/stretch_sensor_msgs/stretch_sensor_msgs/msg/detail/node_message_array__rosidl_typesupport_introspection_cpp.hpp
-- Installing: /home/aidenshaevitz/ros2_ws/src/stretch_sensor/install/stretch_sensor_msgs/include/stretch_sensor_msgs/stretch_sensor_msgs/msg/detail/node_message__rosidl_typesupport_introspection_cpp.hpp
-- Installing: /home/aidenshaevitz/ros2_ws/src/stretch_sensor/install/stretch_sensor_msgs/include/stretch_sensor_msgs/stretch_sensor_msgs/msg/detail/node_message__type_support.cpp
-- Installing: /home/aidenshaevitz/ros2_ws/src/stretch_sensor/install/stretch_sensor_msgs/include/stretch_sensor_msgs/stretch_sensor_msgs/msg/detail/node_message_array__type_support.cpp
-- Installing: /home/aidenshaevitz/ros2_ws/src/stretch_sensor/install/stretch_sensor_msgs/lib/libstretch_sensor_msgs__rosidl_typesupport_introspection_cpp.so
-- Set runtime path of "/home/aidenshaevitz/ros2_ws/src/stretch_sensor/install/stretch_sensor_msgs/lib/libstretch_sensor_msgs__rosidl_typesupport_introspection_cpp.so" to ""
-- Installing: /home/aidenshaevitz/ros2_ws/src/stretch_sensor/install/stretch_sensor_msgs/lib/libstretch_sensor_msgs__rosidl_typesupport_cpp.so
-- Set runtime path of "/home/aidenshaevitz/ros2_ws/src/stretch_sensor/install/stretch_sensor_msgs/lib/libstretch_sensor_msgs__rosidl_typesupport_cpp.so" to ""
-- Installing: /home/aidenshaevitz/ros2_ws/src/stretch_sensor/install/stretch_sensor_msgs/share/stretch_sensor_msgs/environment/pythonpath.sh
-- Installing: /home/aidenshaevitz/ros2_ws/src/stretch_sensor/install/stretch_sensor_msgs/share/stretch_sensor_msgs/environment/pythonpath.dsv
-- Installing: /home/aidenshaevitz/ros2_ws/src/stretch_sensor/install/stretch_sensor_msgs/local/lib/python3.10/dist-packages/stretch_sensor_msgs-0.0.0-py3.10.egg-info
-- Installing: /home/aidenshaevitz/ros2_ws/src/stretch_sensor/install/stretch_sensor_msgs/local/lib/python3.10/dist-packages/stretch_sensor_msgs-0.0.0-py3.10.egg-info/top_level.txt
-- Installing: /home/aidenshaevitz/ros2_ws/src/stretch_sensor/install/stretch_sensor_msgs/local/lib/python3.10/dist-packages/stretch_sensor_msgs-0.0.0-py3.10.egg-info/PKG-INFO
-- Installing: /home/aidenshaevitz/ros2_ws/src/stretch_sensor/install/stretch_sensor_msgs/local/lib/python3.10/dist-packages/stretch_sensor_msgs-0.0.0-py3.10.egg-info/SOURCES.txt
-- Installing: /home/aidenshaevitz/ros2_ws/src/stretch_sensor/install/stretch_sensor_msgs/local/lib/python3.10/dist-packages/stretch_sensor_msgs-0.0.0-py3.10.egg-info/dependency_links.txt
-- Installing: /home/aidenshaevitz/ros2_ws/src/stretch_sensor/install/stretch_sensor_msgs/local/lib/python3.10/dist-packages/stretch_sensor_msgs
-- Installing: /home/aidenshaevitz/ros2_ws/src/stretch_sensor/install/stretch_sensor_msgs/local/lib/python3.10/dist-packages/stretch_sensor_msgs/_stretch_sensor_msgs_s.ep.rosidl_typesupport_introspection_c.c
-- Installing: /home/aidenshaevitz/ros2_ws/src/stretch_sensor/install/stretch_sensor_msgs/local/lib/python3.10/dist-packages/stretch_sensor_msgs/_stretch_sensor_msgs_s.ep.rosidl_typesupport_c.c
-- Installing: /home/aidenshaevitz/ros2_ws/src/stretch_sensor/install/stretch_sensor_msgs/local/lib/python3.10/dist-packages/stretch_sensor_msgs/msg
-- Installing: /home/aidenshaevitz/ros2_ws/src/stretch_sensor/install/stretch_sensor_msgs/local/lib/python3.10/dist-packages/stretch_sensor_msgs/msg/_node_message.py
-- Installing: /home/aidenshaevitz/ros2_ws/src/stretch_sensor/install/stretch_sensor_msgs/local/lib/python3.10/dist-packages/stretch_sensor_msgs/msg/_node_message_s.c
-- Installing: /home/aidenshaevitz/ros2_ws/src/stretch_sensor/install/stretch_sensor_msgs/local/lib/python3.10/dist-packages/stretch_sensor_msgs/msg/_node_message_array_s.c
-- Installing: /home/aidenshaevitz/ros2_ws/src/stretch_sensor/install/stretch_sensor_msgs/local/lib/python3.10/dist-packages/stretch_sensor_msgs/msg/__init__.py
-- Installing: /home/aidenshaevitz/ros2_ws/src/stretch_sensor/install/stretch_sensor_msgs/local/lib/python3.10/dist-packages/stretch_sensor_msgs/msg/_node_message_array.py
-- Installing: /home/aidenshaevitz/ros2_ws/src/stretch_sensor/install/stretch_sensor_msgs/local/lib/python3.10/dist-packages/stretch_sensor_msgs/stretch_sensor_msgs_s__rosidl_typesupport_c.cpython-310-x86_64-linux-gnu.so
-- Installing: /home/aidenshaevitz/ros2_ws/src/stretch_sensor/install/stretch_sensor_msgs/local/lib/python3.10/dist-packages/stretch_sensor_msgs/stretch_sensor_msgs_s__rosidl_typesupport_introspection_c.cpython-310-x86_64-linux-gnu.so
-- Installing: /home/aidenshaevitz/ros2_ws/src/stretch_sensor/install/stretch_sensor_msgs/local/lib/python3.10/dist-packages/stretch_sensor_msgs/__init__.py
-- Installing: /home/aidenshaevitz/ros2_ws/src/stretch_sensor/install/stretch_sensor_msgs/local/lib/python3.10/dist-packages/stretch_sensor_msgs/libstretch_sensor_msgs__rosidl_generator_py.so
-- Installing: /home/aidenshaevitz/ros2_ws/src/stretch_sensor/install/stretch_sensor_msgs/local/lib/python3.10/dist-packages/stretch_sensor_msgs/_stretch_sensor_msgs_s.ep.rosidl_typesupport_fastrtps_c.c
-- Installing: /home/aidenshaevitz/ros2_ws/src/stretch_sensor/install/stretch_sensor_msgs/local/lib/python3.10/dist-packages/stretch_sensor_msgs/stretch_sensor_msgs_s__rosidl_typesupport_fastrtps_c.cpython-310-x86_64-linux-gnu.so
Listing '/home/aidenshaevitz/ros2_ws/src/stretch_sensor/install/stretch_sensor_msgs/local/lib/python3.10/dist-packages/stretch_sensor_msgs'...
Compiling '/home/aidenshaevitz/ros2_ws/src/stretch_sensor/install/stretch_sensor_msgs/local/lib/python3.10/dist-packages/stretch_sensor_msgs/__init__.py'...
Listing '/home/aidenshaevitz/ros2_ws/src/stretch_sensor/install/stretch_sensor_msgs/local/lib/python3.10/dist-packages/stretch_sensor_msgs/msg'...
Compiling '/home/aidenshaevitz/ros2_ws/src/stretch_sensor/install/stretch_sensor_msgs/local/lib/python3.10/dist-packages/stretch_sensor_msgs/msg/__init__.py'...
Compiling '/home/aidenshaevitz/ros2_ws/src/stretch_sensor/install/stretch_sensor_msgs/local/lib/python3.10/dist-packages/stretch_sensor_msgs/msg/_node_message.py'...
Compiling '/home/aidenshaevitz/ros2_ws/src/stretch_sensor/install/stretch_sensor_msgs/local/lib/python3.10/dist-packages/stretch_sensor_msgs/msg/_node_message_array.py'...
-- Installing: /home/aidenshaevitz/ros2_ws/src/stretch_sensor/install/stretch_sensor_msgs/local/lib/python3.10/dist-packages/stretch_sensor_msgs/stretch_sensor_msgs_s__rosidl_typesupport_fastrtps_c.cpython-310-x86_64-linux-gnu.so
-- Set runtime path of "/home/aidenshaevitz/ros2_ws/src/stretch_sensor/install/stretch_sensor_msgs/local/lib/python3.10/dist-packages/stretch_sensor_msgs/stretch_sensor_msgs_s__rosidl_typesupport_fastrtps_c.cpython-310-x86_64-linux-gnu.so" to ""
-- Installing: /home/aidenshaevitz/ros2_ws/src/stretch_sensor/install/stretch_sensor_msgs/local/lib/python3.10/dist-packages/stretch_sensor_msgs/stretch_sensor_msgs_s__rosidl_typesupport_introspection_c.cpython-310-x86_64-linux-gnu.so
-- Set runtime path of "/home/aidenshaevitz/ros2_ws/src/stretch_sensor/install/stretch_sensor_msgs/local/lib/python3.10/dist-packages/stretch_sensor_msgs/stretch_sensor_msgs_s__rosidl_typesupport_introspection_c.cpython-310-x86_64-linux-gnu.so" to ""
-- Installing: /home/aidenshaevitz/ros2_ws/src/stretch_sensor/install/stretch_sensor_msgs/local/lib/python3.10/dist-packages/stretch_sensor_msgs/stretch_sensor_msgs_s__rosidl_typesupport_c.cpython-310-x86_64-linux-gnu.so
-- Set runtime path of "/home/aidenshaevitz/ros2_ws/src/stretch_sensor/install/stretch_sensor_msgs/local/lib/python3.10/dist-packages/stretch_sensor_msgs/stretch_sensor_msgs_s__rosidl_typesupport_c.cpython-310-x86_64-linux-gnu.so" to ""
-- Installing: /home/aidenshaevitz/ros2_ws/src/stretch_sensor/install/stretch_sensor_msgs/lib/libstretch_sensor_msgs__rosidl_generator_py.so
-- Set runtime path of "/home/aidenshaevitz/ros2_ws/src/stretch_sensor/install/stretch_sensor_msgs/lib/libstretch_sensor_msgs__rosidl_generator_py.so" to ""
-- Installing: /home/aidenshaevitz/ros2_ws/src/stretch_sensor/install/stretch_sensor_msgs/share/stretch_sensor_msgs/msg/NodeMessage.idl
-- Installing: /home/aidenshaevitz/ros2_ws/src/stretch_sensor/install/stretch_sensor_msgs/share/stretch_sensor_msgs/msg/NodeMessageArray.idl
-- Installing: /home/aidenshaevitz/ros2_ws/src/stretch_sensor/install/stretch_sensor_msgs/share/stretch_sensor_msgs/msg/NodeMessage.msg
-- Installing: /home/aidenshaevitz/ros2_ws/src/stretch_sensor/install/stretch_sensor_msgs/share/stretch_sensor_msgs/msg/NodeMessageArray.msg
-- Installing: /home/aidenshaevitz/ros2_ws/src/stretch_sensor/install/stretch_sensor_msgs/share/ament_index/resource_index/package_run_dependencies/stretch_sensor_msgs
-- Installing: /home/aidenshaevitz/ros2_ws/src/stretch_sensor/install/stretch_sensor_msgs/share/ament_index/resource_index/parent_prefix_path/stretch_sensor_msgs
-- Installing: /home/aidenshaevitz/ros2_ws/src/stretch_sensor/install/stretch_sensor_msgs/share/stretch_sensor_msgs/environment/ament_prefix_path.sh
-- Installing: /home/aidenshaevitz/ros2_ws/src/stretch_sensor/install/stretch_sensor_msgs/share/stretch_sensor_msgs/environment/ament_prefix_path.dsv
-- Installing: /home/aidenshaevitz/ros2_ws/src/stretch_sensor/install/stretch_sensor_msgs/share/stretch_sensor_msgs/environment/path.sh
-- Installing: /home/aidenshaevitz/ros2_ws/src/stretch_sensor/install/stretch_sensor_msgs/share/stretch_sensor_msgs/environment/path.dsv
-- Installing: /home/aidenshaevitz/ros2_ws/src/stretch_sensor/install/stretch_sensor_msgs/share/stretch_sensor_msgs/local_setup.bash
-- Installing: /home/aidenshaevitz/ros2_ws/src/stretch_sensor/install/stretch_sensor_msgs/share/stretch_sensor_msgs/local_setup.sh
-- Installing: /home/aidenshaevitz/ros2_ws/src/stretch_sensor/install/stretch_sensor_msgs/share/stretch_sensor_msgs/local_setup.zsh
-- Installing: /home/aidenshaevitz/ros2_ws/src/stretch_sensor/install/stretch_sensor_msgs/share/stretch_sensor_msgs/local_setup.dsv
-- Installing: /home/aidenshaevitz/ros2_ws/src/stretch_sensor/install/stretch_sensor_msgs/share/stretch_sensor_msgs/package.dsv
-- Installing: /home/aidenshaevitz/ros2_ws/src/stretch_sensor/install/stretch_sensor_msgs/share/ament_index/resource_index/packages/stretch_sensor_msgs
-- Installing: /home/aidenshaevitz/ros2_ws/src/stretch_sensor/install/stretch_sensor_msgs/share/stretch_sensor_msgs/cmake/export_stretch_sensor_msgs__rosidl_generator_cExport.cmake
-- Installing: /home/aidenshaevitz/ros2_ws/src/stretch_sensor/install/stretch_sensor_msgs/share/stretch_sensor_msgs/cmake/export_stretch_sensor_msgs__rosidl_generator_cExport-noconfig.cmake
-- Installing: /home/aidenshaevitz/ros2_ws/src/stretch_sensor/install/stretch_sensor_msgs/share/stretch_sensor_msgs/cmake/export_stretch_sensor_msgs__rosidl_typesupport_fastrtps_cExport.cmake
-- Installing: /home/aidenshaevitz/ros2_ws/src/stretch_sensor/install/stretch_sensor_msgs/share/stretch_sensor_msgs/cmake/export_stretch_sensor_msgs__rosidl_typesupport_fastrtps_cExport-noconfig.cmake
-- Installing: /home/aidenshaevitz/ros2_ws/src/stretch_sensor/install/stretch_sensor_msgs/share/stretch_sensor_msgs/cmake/export_stretch_sensor_msgs__rosidl_generator_cppExport.cmake
-- Installing: /home/aidenshaevitz/ros2_ws/src/stretch_sensor/install/stretch_sensor_msgs/share/stretch_sensor_msgs/cmake/export_stretch_sensor_msgs__rosidl_typesupport_fastrtps_cppExport.cmake
-- Installing: /home/aidenshaevitz/ros2_ws/src/stretch_sensor/install/stretch_sensor_msgs/share/stretch_sensor_msgs/cmake/export_stretch_sensor_msgs__rosidl_typesupport_fastrtps_cppExport-noconfig.cmake
-- Installing: /home/aidenshaevitz/ros2_ws/src/stretch_sensor/install/stretch_sensor_msgs/share/stretch_sensor_msgs/cmake/stretch_sensor_msgs__rosidl_typesupport_introspection_cExport.cmake
-- Installing: /home/aidenshaevitz/ros2_ws/src/stretch_sensor/install/stretch_sensor_msgs/share/stretch_sensor_msgs/cmake/stretch_sensor_msgs__rosidl_typesupport_introspection_cExport-noconfig.cmake
-- Installing: /home/aidenshaevitz/ros2_ws/src/stretch_sensor/install/stretch_sensor_msgs/share/stretch_sensor_msgs/cmake/stretch_sensor_msgs__rosidl_typesupport_cExport.cmake
-- Installing: /home/aidenshaevitz/ros2_ws/src/stretch_sensor/install/stretch_sensor_msgs/share/stretch_sensor_msgs/cmake/stretch_sensor_msgs__rosidl_typesupport_cExport-noconfig.cmake
-- Installing: /home/aidenshaevitz/ros2_ws/src/stretch_sensor/install/stretch_sensor_msgs/share/stretch_sensor_msgs/cmake/stretch_sensor_msgs__rosidl_typesupport_introspection_cppExport.cmake
-- Installing: /home/aidenshaevitz/ros2_ws/src/stretch_sensor/install/stretch_sensor_msgs/share/stretch_sensor_msgs/cmake/stretch_sensor_msgs__rosidl_typesupport_introspection_cppExport-noconfig.cmake
-- Installing: /home/aidenshaevitz/ros2_ws/src/stretch_sensor/install/stretch_sensor_msgs/share/stretch_sensor_msgs/cmake/stretch_sensor_msgs__rosidl_typesupport_cppExport.cmake
-- Installing: /home/aidenshaevitz/ros2_ws/src/stretch_sensor/install/stretch_sensor_msgs/share/stretch_sensor_msgs/cmake/stretch_sensor_msgs__rosidl_typesupport_cppExport-noconfig.cmake
-- Installing: /home/aidenshaevitz/ros2_ws/src/stretch_sensor/install/stretch_sensor_msgs/share/stretch_sensor_msgs/cmake/export_stretch_sensor_msgs__rosidl_generator_pyExport.cmake
-- Installing: /home/aidenshaevitz/ros2_ws/src/stretch_sensor/install/stretch_sensor_msgs/share/stretch_sensor_msgs/cmake/export_stretch_sensor_msgs__rosidl_generator_pyExport-noconfig.cmake
-- Installing: /home/aidenshaevitz/ros2_ws/src/stretch_sensor/install/stretch_sensor_msgs/share/stretch_sensor_msgs/cmake/rosidl_cmake-extras.cmake
-- Installing: /home/aidenshaevitz/ros2_ws/src/stretch_sensor/install/stretch_sensor_msgs/share/stretch_sensor_msgs/cmake/ament_cmake_export_dependencies-extras.cmake
-- Installing: /home/aidenshaevitz/ros2_ws/src/stretch_sensor/install/stretch_sensor_msgs/share/stretch_sensor_msgs/cmake/ament_cmake_export_include_directories-extras.cmake
-- Installing: /home/aidenshaevitz/ros2_ws/src/stretch_sensor/install/stretch_sensor_msgs/share/stretch_sensor_msgs/cmake/ament_cmake_export_libraries-extras.cmake
-- Installing: /home/aidenshaevitz/ros2_ws/src/stretch_sensor/install/stretch_sensor_msgs/share/stretch_sensor_msgs/cmake/ament_cmake_export_targets-extras.cmake
-- Installing: /home/aidenshaevitz/ros2_ws/src/stretch_sensor/install/stretch_sensor_msgs/share/stretch_sensor_msgs/cmake/rosidl_cmake_export_typesupport_targets-extras.cmake
-- Installing: /home/aidenshaevitz/ros2_ws/src/stretch_sensor/install/stretch_sensor_msgs/share/stretch_sensor_msgs/cmake/rosidl_cmake_export_typesupport_libraries-extras.cmake
-- Installing: /home/aidenshaevitz/ros2_ws/src/stretch_sensor/install/stretch_sensor_msgs/share/stretch_sensor_msgs/cmake/stretch_sensor_msgsConfig.cmake
-- Installing: /home/aidenshaevitz/ros2_ws/src/stretch_sensor/install/stretch_sensor_msgs/share/stretch_sensor_msgs/cmake/stretch_sensor_msgsConfig-version.cmake
-- Installing: /home/aidenshaevitz/ros2_ws/src/stretch_sensor/install/stretch_sensor_msgs/share/stretch_sensor_msgs/package.xml
