[0.076s] Invoking command in '/home/aidenshaevitz/ros2_ws/src/stretch_sensor/build/stretch_sensor_msgs': CMAKE_PREFIX_PATH=${CMAKE_PREFIX_PATH}:/home/aidenshaevitz/ros2_ws/install/stretch_sensor_mocap:/home/aidenshaevitz/ros2_ws/install/rob599_hw3:/home/aidenshaevitz/ros2_ws/install/rob599_hw2:/opt/ros/humble /usr/bin/cmake /home/aidenshaevitz/ros2_ws/src/stretch_sensor/stretch_sensor_msgs -DCMAKE_INSTALL_PREFIX=/home/aidenshaevitz/ros2_ws/src/stretch_sensor/install/stretch_sensor_msgs
[0.090s] -- Found ament_cmake: 1.3.8 (/opt/ros/humble/share/ament_cmake/cmake)
[0.238s] -- Found Python3: /usr/bin/python3 (found version "3.10.12") found components: Interpreter 
[0.308s] -- Found geometry_msgs: 4.2.3 (/opt/ros/humble/share/geometry_msgs/cmake)
[0.334s] -- Found rosidl_generator_c: 3.1.5 (/opt/ros/humble/share/rosidl_generator_c/cmake)
[0.337s] -- Found rosidl_adapter: 3.1.5 (/opt/ros/humble/share/rosidl_adapter/cmake)
[0.343s] -- Found rosidl_generator_cpp: 3.1.5 (/opt/ros/humble/share/rosidl_generator_cpp/cmake)
[0.354s] -- Using all available rosidl_typesupport_c: rosidl_typesupport_fastrtps_c;rosidl_typesupport_introspection_c
[0.369s] -- Using all available rosidl_typesupport_cpp: rosidl_typesupport_fastrtps_cpp;rosidl_typesupport_introspection_cpp
[0.476s] -- Found rosidl_default_generators: 1.2.0 (/opt/ros/humble/share/rosidl_default_generators/cmake)
[0.748s] -- Found ament_cmake_ros: 0.10.0 (/opt/ros/humble/share/ament_cmake_ros/cmake)
[1.132s] -- Using all available rosidl_typesupport_c: rosidl_typesupport_fastrtps_c;rosidl_typesupport_introspection_c
[1.281s] -- Using all available rosidl_typesupport_cpp: rosidl_typesupport_fastrtps_cpp;rosidl_typesupport_introspection_cpp
[1.302s] -- Found PythonInterp: /usr/bin/python3 (found suitable version "3.10.12", minimum required is "3.6") 
[1.305s] -- Found python_cmake_module: 0.10.0 (/opt/ros/humble/share/python_cmake_module/cmake)
[1.332s] -- Found PythonLibs: /usr/lib/x86_64-linux-gnu/libpython3.10.so (found suitable version "3.10.12", minimum required is "3.5") 
[1.332s] -- Using PYTHON_EXECUTABLE: /usr/bin/python3
[1.332s] -- Using PYTHON_INCLUDE_DIRS: /usr/include/python3.10
[1.332s] -- Using PYTHON_LIBRARIES: /usr/lib/x86_64-linux-gnu/libpython3.10.so
[1.354s] -- Found PythonExtra: .so  
[1.412s] -- Found ament_lint_auto: 0.12.10 (/opt/ros/humble/share/ament_lint_auto/cmake)
[1.484s] -- Added test 'cppcheck' to perform static code analysis on C / C++ code
[1.484s] -- Configured cppcheck include dirs: 
[1.484s] -- Configured cppcheck exclude dirs and/or files: 
[1.490s] -- Added test 'flake8' to check Python code syntax and style conventions
[1.503s] -- Added test 'lint_cmake' to check CMake code style
[1.509s] -- Added test 'pep257' to check Python code against some of the docstring style conventions in PEP 257
[1.558s] -- Added test 'uncrustify' to check C / C++ code style
[1.558s] -- Configured uncrustify additional arguments: 
[1.564s] -- Added test 'xmllint' to check XML markup files
[1.567s] -- Configuring done
[1.600s] -- Generating done
[1.602s] -- Build files have been written to: /home/aidenshaevitz/ros2_ws/src/stretch_sensor/build/stretch_sensor_msgs
[1.608s] Invoked command in '/home/aidenshaevitz/ros2_ws/src/stretch_sensor/build/stretch_sensor_msgs' returned '0': CMAKE_PREFIX_PATH=${CMAKE_PREFIX_PATH}:/home/aidenshaevitz/ros2_ws/install/stretch_sensor_mocap:/home/aidenshaevitz/ros2_ws/install/rob599_hw3:/home/aidenshaevitz/ros2_ws/install/rob599_hw2:/opt/ros/humble /usr/bin/cmake /home/aidenshaevitz/ros2_ws/src/stretch_sensor/stretch_sensor_msgs -DCMAKE_INSTALL_PREFIX=/home/aidenshaevitz/ros2_ws/src/stretch_sensor/install/stretch_sensor_msgs
[1.610s] Invoking command in '/home/aidenshaevitz/ros2_ws/src/stretch_sensor/build/stretch_sensor_msgs': CMAKE_PREFIX_PATH=${CMAKE_PREFIX_PATH}:/home/aidenshaevitz/ros2_ws/install/stretch_sensor_mocap:/home/aidenshaevitz/ros2_ws/install/rob599_hw3:/home/aidenshaevitz/ros2_ws/install/rob599_hw2:/opt/ros/humble /usr/bin/cmake --build /home/aidenshaevitz/ros2_ws/src/stretch_sensor/build/stretch_sensor_msgs -- -j12 -l12
[1.652s] [  2%] [34m[1mGenerating C code for ROS interfaces[0m
[1.663s] [  5%] [34m[1mGenerating C++ code for ROS interfaces[0m
[1.671s] [  5%] Built target ament_cmake_python_copy_stretch_sensor_msgs
[1.950s] running egg_info
[1.950s] creating stretch_sensor_msgs.egg-info
[1.951s] writing stretch_sensor_msgs.egg-info/PKG-INFO
[1.951s] writing dependency_links to stretch_sensor_msgs.egg-info/dependency_links.txt
[1.951s] writing top-level names to stretch_sensor_msgs.egg-info/top_level.txt
[1.951s] writing manifest file 'stretch_sensor_msgs.egg-info/SOURCES.txt'
[1.953s] reading manifest file 'stretch_sensor_msgs.egg-info/SOURCES.txt'
[1.954s] writing manifest file 'stretch_sensor_msgs.egg-info/SOURCES.txt'
[1.976s] [  5%] Built target ament_cmake_python_build_stretch_sensor_msgs_egg
[2.015s] [  5%] Built target stretch_sensor_msgs__cpp
[2.019s] [  7%] [32mBuilding C object CMakeFiles/stretch_sensor_msgs__rosidl_generator_c.dir/rosidl_generator_c/stretch_sensor_msgs/msg/detail/node_message__functions.c.o[0m
[2.019s] [ 10%] [32mBuilding C object CMakeFiles/stretch_sensor_msgs__rosidl_generator_c.dir/rosidl_generator_c/stretch_sensor_msgs/msg/detail/node_message_array__functions.c.o[0m
[2.026s] [ 15%] [34m[1mGenerating C++ type support for eProsima Fast-RTPS[0m
[2.027s] [ 15%] [34m[1mGenerating C++ type support dispatch for ROS interfaces[0m
[2.028s] [ 17%] [34m[1mGenerating C++ introspection for ROS interfaces[0m
[2.073s] [ 20%] [32m[1mLinking C shared library libstretch_sensor_msgs__rosidl_generator_c.so[0m
[2.111s] [ 20%] Built target stretch_sensor_msgs__rosidl_generator_c
[2.122s] [ 23%] [34m[1mGenerating C type support for eProsima Fast-RTPS[0m
[2.123s] [ 28%] [34m[1mGenerating C type support dispatch for ROS interfaces[0m
[2.123s] [ 28%] [34m[1mGenerating C introspection for ROS interfaces[0m
[2.359s] [ 30%] [32mBuilding CXX object CMakeFiles/stretch_sensor_msgs__rosidl_typesupport_cpp.dir/rosidl_typesupport_cpp/stretch_sensor_msgs/msg/node_message__type_support.cpp.o[0m
[2.363s] [ 33%] [32mBuilding CXX object CMakeFiles/stretch_sensor_msgs__rosidl_typesupport_cpp.dir/rosidl_typesupport_cpp/stretch_sensor_msgs/msg/node_message_array__type_support.cpp.o[0m
[2.399s] [ 38%] [32mBuilding CXX object CMakeFiles/stretch_sensor_msgs__rosidl_typesupport_introspection_cpp.dir/rosidl_typesupport_introspection_cpp/stretch_sensor_msgs/msg/detail/node_message_array__type_support.cpp.o[0m
[2.399s] [ 38%] [32mBuilding CXX object CMakeFiles/stretch_sensor_msgs__rosidl_typesupport_introspection_cpp.dir/rosidl_typesupport_introspection_cpp/stretch_sensor_msgs/msg/detail/node_message__type_support.cpp.o[0m
[2.415s] [ 41%] [32mBuilding CXX object CMakeFiles/stretch_sensor_msgs__rosidl_typesupport_fastrtps_cpp.dir/rosidl_typesupport_fastrtps_cpp/stretch_sensor_msgs/msg/detail/dds_fastrtps/node_message__type_support.cpp.o[0m
[2.416s] [ 43%] [32mBuilding CXX object CMakeFiles/stretch_sensor_msgs__rosidl_typesupport_fastrtps_cpp.dir/rosidl_typesupport_fastrtps_cpp/stretch_sensor_msgs/msg/detail/dds_fastrtps/node_message_array__type_support.cpp.o[0m
[2.527s] [ 48%] [32mBuilding CXX object CMakeFiles/stretch_sensor_msgs__rosidl_typesupport_c.dir/rosidl_typesupport_c/stretch_sensor_msgs/msg/node_message_array__type_support.cpp.o[0m
[2.528s] [ 48%] [32mBuilding CXX object CMakeFiles/stretch_sensor_msgs__rosidl_typesupport_c.dir/rosidl_typesupport_c/stretch_sensor_msgs/msg/node_message__type_support.cpp.o[0m
[2.562s] [ 51%] [32m[1mLinking CXX shared library libstretch_sensor_msgs__rosidl_typesupport_c.so[0m
[2.616s] [ 51%] Built target stretch_sensor_msgs__rosidl_typesupport_c
[2.628s] [ 56%] [32mBuilding C object CMakeFiles/stretch_sensor_msgs__rosidl_typesupport_introspection_c.dir/rosidl_typesupport_introspection_c/stretch_sensor_msgs/msg/detail/node_message__type_support.c.o[0m
[2.628s] [ 56%] [32mBuilding C object CMakeFiles/stretch_sensor_msgs__rosidl_typesupport_introspection_c.dir/rosidl_typesupport_introspection_c/stretch_sensor_msgs/msg/detail/node_message_array__type_support.c.o[0m
[2.639s] [ 58%] [32mBuilding CXX object CMakeFiles/stretch_sensor_msgs__rosidl_typesupport_fastrtps_c.dir/rosidl_typesupport_fastrtps_c/stretch_sensor_msgs/msg/detail/node_message__type_support_c.cpp.o[0m
[2.642s] [ 61%] [32mBuilding CXX object CMakeFiles/stretch_sensor_msgs__rosidl_typesupport_fastrtps_c.dir/rosidl_typesupport_fastrtps_c/stretch_sensor_msgs/msg/detail/node_message_array__type_support_c.cpp.o[0m
[2.703s] [ 64%] [32m[1mLinking C shared library libstretch_sensor_msgs__rosidl_typesupport_introspection_c.so[0m
[2.738s] [ 64%] Built target stretch_sensor_msgs__rosidl_typesupport_introspection_c
[2.768s] [ 66%] [32m[1mLinking CXX shared library libstretch_sensor_msgs__rosidl_typesupport_cpp.so[0m
[2.811s] [ 66%] Built target stretch_sensor_msgs__rosidl_typesupport_cpp
[2.990s] [ 69%] [32m[1mLinking CXX shared library libstretch_sensor_msgs__rosidl_typesupport_fastrtps_c.so[0m
[3.038s] [ 71%] [32m[1mLinking CXX shared library libstretch_sensor_msgs__rosidl_typesupport_introspection_cpp.so[0m
[3.039s] [ 74%] [32m[1mLinking CXX shared library libstretch_sensor_msgs__rosidl_typesupport_fastrtps_cpp.so[0m
[3.067s] [ 74%] Built target stretch_sensor_msgs__rosidl_typesupport_fastrtps_c
[3.116s] [ 74%] Built target stretch_sensor_msgs__rosidl_typesupport_introspection_cpp
[3.118s] [ 74%] Built target stretch_sensor_msgs__rosidl_typesupport_fastrtps_cpp
[3.139s] [ 74%] Built target stretch_sensor_msgs
[3.161s] [ 76%] [34m[1mGenerating Python code for ROS interfaces[0m
[3.678s] [ 76%] Built target stretch_sensor_msgs__py
[3.698s] [ 79%] [32mBuilding C object CMakeFiles/stretch_sensor_msgs__rosidl_generator_py.dir/rosidl_generator_py/stretch_sensor_msgs/msg/_node_message_s.c.o[0m
[3.698s] [ 82%] [32mBuilding C object CMakeFiles/stretch_sensor_msgs__rosidl_generator_py.dir/rosidl_generator_py/stretch_sensor_msgs/msg/_node_message_array_s.c.o[0m
[3.825s] [ 84%] [32m[1mLinking C shared library rosidl_generator_py/stretch_sensor_msgs/libstretch_sensor_msgs__rosidl_generator_py.so[0m
[3.867s] [ 84%] Built target stretch_sensor_msgs__rosidl_generator_py
[3.888s] [ 92%] [32mBuilding C object CMakeFiles/stretch_sensor_msgs__rosidl_typesupport_c__pyext.dir/rosidl_generator_py/stretch_sensor_msgs/_stretch_sensor_msgs_s.ep.rosidl_typesupport_c.c.o[0m
[3.888s] [ 92%] [32mBuilding C object CMakeFiles/stretch_sensor_msgs__rosidl_typesupport_fastrtps_c__pyext.dir/rosidl_generator_py/stretch_sensor_msgs/_stretch_sensor_msgs_s.ep.rosidl_typesupport_fastrtps_c.c.o[0m
[3.889s] [ 92%] [32mBuilding C object CMakeFiles/stretch_sensor_msgs__rosidl_typesupport_introspection_c__pyext.dir/rosidl_generator_py/stretch_sensor_msgs/_stretch_sensor_msgs_s.ep.rosidl_typesupport_introspection_c.c.o[0m
[3.989s] [ 94%] [32m[1mLinking C shared library rosidl_generator_py/stretch_sensor_msgs/stretch_sensor_msgs_s__rosidl_typesupport_fastrtps_c.cpython-310-x86_64-linux-gnu.so[0m
[3.989s] [ 97%] [32m[1mLinking C shared library rosidl_generator_py/stretch_sensor_msgs/stretch_sensor_msgs_s__rosidl_typesupport_c.cpython-310-x86_64-linux-gnu.so[0m
[3.990s] [100%] [32m[1mLinking C shared library rosidl_generator_py/stretch_sensor_msgs/stretch_sensor_msgs_s__rosidl_typesupport_introspection_c.cpython-310-x86_64-linux-gnu.so[0m
[4.031s] [100%] Built target stretch_sensor_msgs__rosidl_typesupport_c__pyext
[4.031s] [100%] Built target stretch_sensor_msgs__rosidl_typesupport_introspection_c__pyext
[4.034s] [100%] Built target stretch_sensor_msgs__rosidl_typesupport_fastrtps_c__pyext
[4.046s] Invoked command in '/home/aidenshaevitz/ros2_ws/src/stretch_sensor/build/stretch_sensor_msgs' returned '0': CMAKE_PREFIX_PATH=${CMAKE_PREFIX_PATH}:/home/aidenshaevitz/ros2_ws/install/stretch_sensor_mocap:/home/aidenshaevitz/ros2_ws/install/rob599_hw3:/home/aidenshaevitz/ros2_ws/install/rob599_hw2:/opt/ros/humble /usr/bin/cmake --build /home/aidenshaevitz/ros2_ws/src/stretch_sensor/build/stretch_sensor_msgs -- -j12 -l12
[4.143s] Invoking command in '/home/aidenshaevitz/ros2_ws/src/stretch_sensor/build/stretch_sensor_msgs': CMAKE_PREFIX_PATH=${CMAKE_PREFIX_PATH}:/home/aidenshaevitz/ros2_ws/install/stretch_sensor_mocap:/home/aidenshaevitz/ros2_ws/install/rob599_hw3:/home/aidenshaevitz/ros2_ws/install/rob599_hw2:/opt/ros/humble /usr/bin/cmake --install /home/aidenshaevitz/ros2_ws/src/stretch_sensor/build/stretch_sensor_msgs
[4.152s] -- Install configuration: ""
[4.152s] -- Installing: /home/aidenshaevitz/ros2_ws/src/stretch_sensor/install/stretch_sensor_msgs/share/ament_index/resource_index/rosidl_interfaces/stretch_sensor_msgs
[4.152s] -- Installing: /home/aidenshaevitz/ros2_ws/src/stretch_sensor/install/stretch_sensor_msgs/include/stretch_sensor_msgs/stretch_sensor_msgs
[4.152s] -- Installing: /home/aidenshaevitz/ros2_ws/src/stretch_sensor/install/stretch_sensor_msgs/include/stretch_sensor_msgs/stretch_sensor_msgs/msg
[4.152s] -- Installing: /home/aidenshaevitz/ros2_ws/src/stretch_sensor/install/stretch_sensor_msgs/include/stretch_sensor_msgs/stretch_sensor_msgs/msg/rosidl_generator_c__visibility_control.h
[4.152s] -- Installing: /home/aidenshaevitz/ros2_ws/src/stretch_sensor/install/stretch_sensor_msgs/include/stretch_sensor_msgs/stretch_sensor_msgs/msg/node_message.h
[4.152s] -- Installing: /home/aidenshaevitz/ros2_ws/src/stretch_sensor/install/stretch_sensor_msgs/include/stretch_sensor_msgs/stretch_sensor_msgs/msg/node_message_array.h
[4.153s] -- Installing: /home/aidenshaevitz/ros2_ws/src/stretch_sensor/install/stretch_sensor_msgs/include/stretch_sensor_msgs/stretch_sensor_msgs/msg/detail
[4.153s] -- Installing: /home/aidenshaevitz/ros2_ws/src/stretch_sensor/install/stretch_sensor_msgs/include/stretch_sensor_msgs/stretch_sensor_msgs/msg/detail/node_message__type_support.h
[4.153s] -- Installing: /home/aidenshaevitz/ros2_ws/src/stretch_sensor/install/stretch_sensor_msgs/include/stretch_sensor_msgs/stretch_sensor_msgs/msg/detail/node_message__struct.h
[4.153s] -- Installing: /home/aidenshaevitz/ros2_ws/src/stretch_sensor/install/stretch_sensor_msgs/include/stretch_sensor_msgs/stretch_sensor_msgs/msg/detail/node_message_array__struct.h
[4.153s] -- Installing: /home/aidenshaevitz/ros2_ws/src/stretch_sensor/install/stretch_sensor_msgs/include/stretch_sensor_msgs/stretch_sensor_msgs/msg/detail/node_message__functions.h
[4.153s] -- Installing: /home/aidenshaevitz/ros2_ws/src/stretch_sensor/install/stretch_sensor_msgs/include/stretch_sensor_msgs/stretch_sensor_msgs/msg/detail/node_message_array__type_support.h
[4.153s] -- Installing: /home/aidenshaevitz/ros2_ws/src/stretch_sensor/install/stretch_sensor_msgs/include/stretch_sensor_msgs/stretch_sensor_msgs/msg/detail/node_message_array__functions.h
[4.154s] -- Installing: /home/aidenshaevitz/ros2_ws/src/stretch_sensor/install/stretch_sensor_msgs/include/stretch_sensor_msgs/stretch_sensor_msgs/msg/detail/node_message_array__functions.c
[4.154s] -- Installing: /home/aidenshaevitz/ros2_ws/src/stretch_sensor/install/stretch_sensor_msgs/include/stretch_sensor_msgs/stretch_sensor_msgs/msg/detail/node_message__functions.c
[4.154s] -- Installing: /home/aidenshaevitz/ros2_ws/src/stretch_sensor/install/stretch_sensor_msgs/share/stretch_sensor_msgs/environment/library_path.sh
[4.154s] -- Installing: /home/aidenshaevitz/ros2_ws/src/stretch_sensor/install/stretch_sensor_msgs/share/stretch_sensor_msgs/environment/library_path.dsv
[4.154s] -- Installing: /home/aidenshaevitz/ros2_ws/src/stretch_sensor/install/stretch_sensor_msgs/lib/libstretch_sensor_msgs__rosidl_generator_c.so
[4.155s] -- Set runtime path of "/home/aidenshaevitz/ros2_ws/src/stretch_sensor/install/stretch_sensor_msgs/lib/libstretch_sensor_msgs__rosidl_generator_c.so" to ""
[4.155s] -- Up-to-date: /home/aidenshaevitz/ros2_ws/src/stretch_sensor/install/stretch_sensor_msgs/include/stretch_sensor_msgs/stretch_sensor_msgs
[4.155s] -- Up-to-date: /home/aidenshaevitz/ros2_ws/src/stretch_sensor/install/stretch_sensor_msgs/include/stretch_sensor_msgs/stretch_sensor_msgs/msg
[4.155s] -- Installing: /home/aidenshaevitz/ros2_ws/src/stretch_sensor/install/stretch_sensor_msgs/include/stretch_sensor_msgs/stretch_sensor_msgs/msg/rosidl_typesupport_fastrtps_c__visibility_control.h
[4.155s] -- Up-to-date: /home/aidenshaevitz/ros2_ws/src/stretch_sensor/install/stretch_sensor_msgs/include/stretch_sensor_msgs/stretch_sensor_msgs/msg/detail
[4.155s] -- Installing: /home/aidenshaevitz/ros2_ws/src/stretch_sensor/install/stretch_sensor_msgs/include/stretch_sensor_msgs/stretch_sensor_msgs/msg/detail/node_message_array__rosidl_typesupport_fastrtps_c.h
[4.155s] -- Installing: /home/aidenshaevitz/ros2_ws/src/stretch_sensor/install/stretch_sensor_msgs/include/stretch_sensor_msgs/stretch_sensor_msgs/msg/detail/node_message__rosidl_typesupport_fastrtps_c.h
[4.156s] -- Installing: /home/aidenshaevitz/ros2_ws/src/stretch_sensor/install/stretch_sensor_msgs/lib/libstretch_sensor_msgs__rosidl_typesupport_fastrtps_c.so
[4.156s] -- Set runtime path of "/home/aidenshaevitz/ros2_ws/src/stretch_sensor/install/stretch_sensor_msgs/lib/libstretch_sensor_msgs__rosidl_typesupport_fastrtps_c.so" to ""
[4.156s] -- Up-to-date: /home/aidenshaevitz/ros2_ws/src/stretch_sensor/install/stretch_sensor_msgs/include/stretch_sensor_msgs/stretch_sensor_msgs
[4.157s] -- Up-to-date: /home/aidenshaevitz/ros2_ws/src/stretch_sensor/install/stretch_sensor_msgs/include/stretch_sensor_msgs/stretch_sensor_msgs/msg
[4.157s] -- Installing: /home/aidenshaevitz/ros2_ws/src/stretch_sensor/install/stretch_sensor_msgs/include/stretch_sensor_msgs/stretch_sensor_msgs/msg/node_message.hpp
[4.157s] -- Installing: /home/aidenshaevitz/ros2_ws/src/stretch_sensor/install/stretch_sensor_msgs/include/stretch_sensor_msgs/stretch_sensor_msgs/msg/node_message_array.hpp
[4.157s] -- Up-to-date: /home/aidenshaevitz/ros2_ws/src/stretch_sensor/install/stretch_sensor_msgs/include/stretch_sensor_msgs/stretch_sensor_msgs/msg/detail
[4.157s] -- Installing: /home/aidenshaevitz/ros2_ws/src/stretch_sensor/install/stretch_sensor_msgs/include/stretch_sensor_msgs/stretch_sensor_msgs/msg/detail/node_message_array__traits.hpp
[4.157s] -- Installing: /home/aidenshaevitz/ros2_ws/src/stretch_sensor/install/stretch_sensor_msgs/include/stretch_sensor_msgs/stretch_sensor_msgs/msg/detail/node_message__builder.hpp
[4.157s] -- Installing: /home/aidenshaevitz/ros2_ws/src/stretch_sensor/install/stretch_sensor_msgs/include/stretch_sensor_msgs/stretch_sensor_msgs/msg/detail/node_message_array__builder.hpp
[4.157s] -- Installing: /home/aidenshaevitz/ros2_ws/src/stretch_sensor/install/stretch_sensor_msgs/include/stretch_sensor_msgs/stretch_sensor_msgs/msg/detail/node_message__traits.hpp
[4.157s] -- Installing: /home/aidenshaevitz/ros2_ws/src/stretch_sensor/install/stretch_sensor_msgs/include/stretch_sensor_msgs/stretch_sensor_msgs/msg/detail/node_message_array__struct.hpp
[4.158s] -- Installing: /home/aidenshaevitz/ros2_ws/src/stretch_sensor/install/stretch_sensor_msgs/include/stretch_sensor_msgs/stretch_sensor_msgs/msg/detail/node_message__struct.hpp
[4.158s] -- Up-to-date: /home/aidenshaevitz/ros2_ws/src/stretch_sensor/install/stretch_sensor_msgs/include/stretch_sensor_msgs/stretch_sensor_msgs
[4.158s] -- Up-to-date: /home/aidenshaevitz/ros2_ws/src/stretch_sensor/install/stretch_sensor_msgs/include/stretch_sensor_msgs/stretch_sensor_msgs/msg
[4.158s] -- Installing: /home/aidenshaevitz/ros2_ws/src/stretch_sensor/install/stretch_sensor_msgs/include/stretch_sensor_msgs/stretch_sensor_msgs/msg/rosidl_typesupport_fastrtps_cpp__visibility_control.h
[4.158s] -- Up-to-date: /home/aidenshaevitz/ros2_ws/src/stretch_sensor/install/stretch_sensor_msgs/include/stretch_sensor_msgs/stretch_sensor_msgs/msg/detail
[4.158s] -- Installing: /home/aidenshaevitz/ros2_ws/src/stretch_sensor/install/stretch_sensor_msgs/include/stretch_sensor_msgs/stretch_sensor_msgs/msg/detail/dds_fastrtps
[4.158s] -- Installing: /home/aidenshaevitz/ros2_ws/src/stretch_sensor/install/stretch_sensor_msgs/include/stretch_sensor_msgs/stretch_sensor_msgs/msg/detail/node_message__rosidl_typesupport_fastrtps_cpp.hpp
[4.158s] -- Installing: /home/aidenshaevitz/ros2_ws/src/stretch_sensor/install/stretch_sensor_msgs/include/stretch_sensor_msgs/stretch_sensor_msgs/msg/detail/node_message_array__rosidl_typesupport_fastrtps_cpp.hpp
[4.159s] -- Installing: /home/aidenshaevitz/ros2_ws/src/stretch_sensor/install/stretch_sensor_msgs/lib/libstretch_sensor_msgs__rosidl_typesupport_fastrtps_cpp.so
[4.159s] -- Set runtime path of "/home/aidenshaevitz/ros2_ws/src/stretch_sensor/install/stretch_sensor_msgs/lib/libstretch_sensor_msgs__rosidl_typesupport_fastrtps_cpp.so" to ""
[4.159s] -- Up-to-date: /home/aidenshaevitz/ros2_ws/src/stretch_sensor/install/stretch_sensor_msgs/include/stretch_sensor_msgs/stretch_sensor_msgs
[4.159s] -- Up-to-date: /home/aidenshaevitz/ros2_ws/src/stretch_sensor/install/stretch_sensor_msgs/include/stretch_sensor_msgs/stretch_sensor_msgs/msg
[4.160s] -- Installing: /home/aidenshaevitz/ros2_ws/src/stretch_sensor/install/stretch_sensor_msgs/include/stretch_sensor_msgs/stretch_sensor_msgs/msg/rosidl_typesupport_introspection_c__visibility_control.h
[4.160s] -- Up-to-date: /home/aidenshaevitz/ros2_ws/src/stretch_sensor/install/stretch_sensor_msgs/include/stretch_sensor_msgs/stretch_sensor_msgs/msg/detail
[4.160s] -- Installing: /home/aidenshaevitz/ros2_ws/src/stretch_sensor/install/stretch_sensor_msgs/include/stretch_sensor_msgs/stretch_sensor_msgs/msg/detail/node_message_array__type_support.c
[4.160s] -- Installing: /home/aidenshaevitz/ros2_ws/src/stretch_sensor/install/stretch_sensor_msgs/include/stretch_sensor_msgs/stretch_sensor_msgs/msg/detail/node_message_array__rosidl_typesupport_introspection_c.h
[4.160s] -- Installing: /home/aidenshaevitz/ros2_ws/src/stretch_sensor/install/stretch_sensor_msgs/include/stretch_sensor_msgs/stretch_sensor_msgs/msg/detail/node_message__rosidl_typesupport_introspection_c.h
[4.160s] -- Installing: /home/aidenshaevitz/ros2_ws/src/stretch_sensor/install/stretch_sensor_msgs/include/stretch_sensor_msgs/stretch_sensor_msgs/msg/detail/node_message__type_support.c
[4.160s] -- Installing: /home/aidenshaevitz/ros2_ws/src/stretch_sensor/install/stretch_sensor_msgs/lib/libstretch_sensor_msgs__rosidl_typesupport_introspection_c.so
[4.161s] -- Set runtime path of "/home/aidenshaevitz/ros2_ws/src/stretch_sensor/install/stretch_sensor_msgs/lib/libstretch_sensor_msgs__rosidl_typesupport_introspection_c.so" to ""
[4.161s] -- Installing: /home/aidenshaevitz/ros2_ws/src/stretch_sensor/install/stretch_sensor_msgs/lib/libstretch_sensor_msgs__rosidl_typesupport_c.so
[4.161s] -- Set runtime path of "/home/aidenshaevitz/ros2_ws/src/stretch_sensor/install/stretch_sensor_msgs/lib/libstretch_sensor_msgs__rosidl_typesupport_c.so" to ""
[4.161s] -- Up-to-date: /home/aidenshaevitz/ros2_ws/src/stretch_sensor/install/stretch_sensor_msgs/include/stretch_sensor_msgs/stretch_sensor_msgs
[4.161s] -- Up-to-date: /home/aidenshaevitz/ros2_ws/src/stretch_sensor/install/stretch_sensor_msgs/include/stretch_sensor_msgs/stretch_sensor_msgs/msg
[4.161s] -- Up-to-date: /home/aidenshaevitz/ros2_ws/src/stretch_sensor/install/stretch_sensor_msgs/include/stretch_sensor_msgs/stretch_sensor_msgs/msg/detail
[4.162s] -- Installing: /home/aidenshaevitz/ros2_ws/src/stretch_sensor/install/stretch_sensor_msgs/include/stretch_sensor_msgs/stretch_sensor_msgs/msg/detail/node_message_array__rosidl_typesupport_introspection_cpp.hpp
[4.162s] -- Installing: /home/aidenshaevitz/ros2_ws/src/stretch_sensor/install/stretch_sensor_msgs/include/stretch_sensor_msgs/stretch_sensor_msgs/msg/detail/node_message__rosidl_typesupport_introspection_cpp.hpp
[4.162s] -- Installing: /home/aidenshaevitz/ros2_ws/src/stretch_sensor/install/stretch_sensor_msgs/include/stretch_sensor_msgs/stretch_sensor_msgs/msg/detail/node_message__type_support.cpp
[4.162s] -- Installing: /home/aidenshaevitz/ros2_ws/src/stretch_sensor/install/stretch_sensor_msgs/include/stretch_sensor_msgs/stretch_sensor_msgs/msg/detail/node_message_array__type_support.cpp
[4.162s] -- Installing: /home/aidenshaevitz/ros2_ws/src/stretch_sensor/install/stretch_sensor_msgs/lib/libstretch_sensor_msgs__rosidl_typesupport_introspection_cpp.so
[4.163s] -- Set runtime path of "/home/aidenshaevitz/ros2_ws/src/stretch_sensor/install/stretch_sensor_msgs/lib/libstretch_sensor_msgs__rosidl_typesupport_introspection_cpp.so" to ""
[4.163s] -- Installing: /home/aidenshaevitz/ros2_ws/src/stretch_sensor/install/stretch_sensor_msgs/lib/libstretch_sensor_msgs__rosidl_typesupport_cpp.so
[4.163s] -- Set runtime path of "/home/aidenshaevitz/ros2_ws/src/stretch_sensor/install/stretch_sensor_msgs/lib/libstretch_sensor_msgs__rosidl_typesupport_cpp.so" to ""
[4.163s] -- Installing: /home/aidenshaevitz/ros2_ws/src/stretch_sensor/install/stretch_sensor_msgs/share/stretch_sensor_msgs/environment/pythonpath.sh
[4.164s] -- Installing: /home/aidenshaevitz/ros2_ws/src/stretch_sensor/install/stretch_sensor_msgs/share/stretch_sensor_msgs/environment/pythonpath.dsv
[4.164s] -- Installing: /home/aidenshaevitz/ros2_ws/src/stretch_sensor/install/stretch_sensor_msgs/local/lib/python3.10/dist-packages/stretch_sensor_msgs-0.0.0-py3.10.egg-info
[4.164s] -- Installing: /home/aidenshaevitz/ros2_ws/src/stretch_sensor/install/stretch_sensor_msgs/local/lib/python3.10/dist-packages/stretch_sensor_msgs-0.0.0-py3.10.egg-info/top_level.txt
[4.164s] -- Installing: /home/aidenshaevitz/ros2_ws/src/stretch_sensor/install/stretch_sensor_msgs/local/lib/python3.10/dist-packages/stretch_sensor_msgs-0.0.0-py3.10.egg-info/PKG-INFO
[4.164s] -- Installing: /home/aidenshaevitz/ros2_ws/src/stretch_sensor/install/stretch_sensor_msgs/local/lib/python3.10/dist-packages/stretch_sensor_msgs-0.0.0-py3.10.egg-info/SOURCES.txt
[4.164s] -- Installing: /home/aidenshaevitz/ros2_ws/src/stretch_sensor/install/stretch_sensor_msgs/local/lib/python3.10/dist-packages/stretch_sensor_msgs-0.0.0-py3.10.egg-info/dependency_links.txt
[4.164s] -- Installing: /home/aidenshaevitz/ros2_ws/src/stretch_sensor/install/stretch_sensor_msgs/local/lib/python3.10/dist-packages/stretch_sensor_msgs
[4.165s] -- Installing: /home/aidenshaevitz/ros2_ws/src/stretch_sensor/install/stretch_sensor_msgs/local/lib/python3.10/dist-packages/stretch_sensor_msgs/_stretch_sensor_msgs_s.ep.rosidl_typesupport_introspection_c.c
[4.165s] -- Installing: /home/aidenshaevitz/ros2_ws/src/stretch_sensor/install/stretch_sensor_msgs/local/lib/python3.10/dist-packages/stretch_sensor_msgs/_stretch_sensor_msgs_s.ep.rosidl_typesupport_c.c
[4.165s] -- Installing: /home/aidenshaevitz/ros2_ws/src/stretch_sensor/install/stretch_sensor_msgs/local/lib/python3.10/dist-packages/stretch_sensor_msgs/msg
[4.165s] -- Installing: /home/aidenshaevitz/ros2_ws/src/stretch_sensor/install/stretch_sensor_msgs/local/lib/python3.10/dist-packages/stretch_sensor_msgs/msg/_node_message.py
[4.165s] -- Installing: /home/aidenshaevitz/ros2_ws/src/stretch_sensor/install/stretch_sensor_msgs/local/lib/python3.10/dist-packages/stretch_sensor_msgs/msg/_node_message_s.c
[4.165s] -- Installing: /home/aidenshaevitz/ros2_ws/src/stretch_sensor/install/stretch_sensor_msgs/local/lib/python3.10/dist-packages/stretch_sensor_msgs/msg/_node_message_array_s.c
[4.165s] -- Installing: /home/aidenshaevitz/ros2_ws/src/stretch_sensor/install/stretch_sensor_msgs/local/lib/python3.10/dist-packages/stretch_sensor_msgs/msg/__init__.py
[4.166s] -- Installing: /home/aidenshaevitz/ros2_ws/src/stretch_sensor/install/stretch_sensor_msgs/local/lib/python3.10/dist-packages/stretch_sensor_msgs/msg/_node_message_array.py
[4.166s] -- Installing: /home/aidenshaevitz/ros2_ws/src/stretch_sensor/install/stretch_sensor_msgs/local/lib/python3.10/dist-packages/stretch_sensor_msgs/stretch_sensor_msgs_s__rosidl_typesupport_c.cpython-310-x86_64-linux-gnu.so
[4.166s] -- Installing: /home/aidenshaevitz/ros2_ws/src/stretch_sensor/install/stretch_sensor_msgs/local/lib/python3.10/dist-packages/stretch_sensor_msgs/stretch_sensor_msgs_s__rosidl_typesupport_introspection_c.cpython-310-x86_64-linux-gnu.so
[4.166s] -- Installing: /home/aidenshaevitz/ros2_ws/src/stretch_sensor/install/stretch_sensor_msgs/local/lib/python3.10/dist-packages/stretch_sensor_msgs/__init__.py
[4.166s] -- Installing: /home/aidenshaevitz/ros2_ws/src/stretch_sensor/install/stretch_sensor_msgs/local/lib/python3.10/dist-packages/stretch_sensor_msgs/libstretch_sensor_msgs__rosidl_generator_py.so
[4.166s] -- Installing: /home/aidenshaevitz/ros2_ws/src/stretch_sensor/install/stretch_sensor_msgs/local/lib/python3.10/dist-packages/stretch_sensor_msgs/_stretch_sensor_msgs_s.ep.rosidl_typesupport_fastrtps_c.c
[4.167s] -- Installing: /home/aidenshaevitz/ros2_ws/src/stretch_sensor/install/stretch_sensor_msgs/local/lib/python3.10/dist-packages/stretch_sensor_msgs/stretch_sensor_msgs_s__rosidl_typesupport_fastrtps_c.cpython-310-x86_64-linux-gnu.so
[4.202s] Listing '/home/aidenshaevitz/ros2_ws/src/stretch_sensor/install/stretch_sensor_msgs/local/lib/python3.10/dist-packages/stretch_sensor_msgs'...
[4.202s] Compiling '/home/aidenshaevitz/ros2_ws/src/stretch_sensor/install/stretch_sensor_msgs/local/lib/python3.10/dist-packages/stretch_sensor_msgs/__init__.py'...
[4.202s] Listing '/home/aidenshaevitz/ros2_ws/src/stretch_sensor/install/stretch_sensor_msgs/local/lib/python3.10/dist-packages/stretch_sensor_msgs/msg'...
[4.202s] Compiling '/home/aidenshaevitz/ros2_ws/src/stretch_sensor/install/stretch_sensor_msgs/local/lib/python3.10/dist-packages/stretch_sensor_msgs/msg/__init__.py'...
[4.202s] Compiling '/home/aidenshaevitz/ros2_ws/src/stretch_sensor/install/stretch_sensor_msgs/local/lib/python3.10/dist-packages/stretch_sensor_msgs/msg/_node_message.py'...
[4.202s] Compiling '/home/aidenshaevitz/ros2_ws/src/stretch_sensor/install/stretch_sensor_msgs/local/lib/python3.10/dist-packages/stretch_sensor_msgs/msg/_node_message_array.py'...
[4.205s] -- Installing: /home/aidenshaevitz/ros2_ws/src/stretch_sensor/install/stretch_sensor_msgs/local/lib/python3.10/dist-packages/stretch_sensor_msgs/stretch_sensor_msgs_s__rosidl_typesupport_fastrtps_c.cpython-310-x86_64-linux-gnu.so
[4.206s] -- Set runtime path of "/home/aidenshaevitz/ros2_ws/src/stretch_sensor/install/stretch_sensor_msgs/local/lib/python3.10/dist-packages/stretch_sensor_msgs/stretch_sensor_msgs_s__rosidl_typesupport_fastrtps_c.cpython-310-x86_64-linux-gnu.so" to ""
[4.206s] -- Installing: /home/aidenshaevitz/ros2_ws/src/stretch_sensor/install/stretch_sensor_msgs/local/lib/python3.10/dist-packages/stretch_sensor_msgs/stretch_sensor_msgs_s__rosidl_typesupport_introspection_c.cpython-310-x86_64-linux-gnu.so
[4.206s] -- Set runtime path of "/home/aidenshaevitz/ros2_ws/src/stretch_sensor/install/stretch_sensor_msgs/local/lib/python3.10/dist-packages/stretch_sensor_msgs/stretch_sensor_msgs_s__rosidl_typesupport_introspection_c.cpython-310-x86_64-linux-gnu.so" to ""
[4.207s] -- Installing: /home/aidenshaevitz/ros2_ws/src/stretch_sensor/install/stretch_sensor_msgs/local/lib/python3.10/dist-packages/stretch_sensor_msgs/stretch_sensor_msgs_s__rosidl_typesupport_c.cpython-310-x86_64-linux-gnu.so
[4.207s] -- Set runtime path of "/home/aidenshaevitz/ros2_ws/src/stretch_sensor/install/stretch_sensor_msgs/local/lib/python3.10/dist-packages/stretch_sensor_msgs/stretch_sensor_msgs_s__rosidl_typesupport_c.cpython-310-x86_64-linux-gnu.so" to ""
[4.207s] -- Installing: /home/aidenshaevitz/ros2_ws/src/stretch_sensor/install/stretch_sensor_msgs/lib/libstretch_sensor_msgs__rosidl_generator_py.so
[4.208s] -- Set runtime path of "/home/aidenshaevitz/ros2_ws/src/stretch_sensor/install/stretch_sensor_msgs/lib/libstretch_sensor_msgs__rosidl_generator_py.so" to ""
[4.208s] -- Installing: /home/aidenshaevitz/ros2_ws/src/stretch_sensor/install/stretch_sensor_msgs/share/stretch_sensor_msgs/msg/NodeMessage.idl
[4.208s] -- Installing: /home/aidenshaevitz/ros2_ws/src/stretch_sensor/install/stretch_sensor_msgs/share/stretch_sensor_msgs/msg/NodeMessageArray.idl
[4.208s] -- Installing: /home/aidenshaevitz/ros2_ws/src/stretch_sensor/install/stretch_sensor_msgs/share/stretch_sensor_msgs/msg/NodeMessage.msg
[4.208s] -- Installing: /home/aidenshaevitz/ros2_ws/src/stretch_sensor/install/stretch_sensor_msgs/share/stretch_sensor_msgs/msg/NodeMessageArray.msg
[4.208s] -- Installing: /home/aidenshaevitz/ros2_ws/src/stretch_sensor/install/stretch_sensor_msgs/share/ament_index/resource_index/package_run_dependencies/stretch_sensor_msgs
[4.208s] -- Installing: /home/aidenshaevitz/ros2_ws/src/stretch_sensor/install/stretch_sensor_msgs/share/ament_index/resource_index/parent_prefix_path/stretch_sensor_msgs
[4.209s] -- Installing: /home/aidenshaevitz/ros2_ws/src/stretch_sensor/install/stretch_sensor_msgs/share/stretch_sensor_msgs/environment/ament_prefix_path.sh
[4.209s] -- Installing: /home/aidenshaevitz/ros2_ws/src/stretch_sensor/install/stretch_sensor_msgs/share/stretch_sensor_msgs/environment/ament_prefix_path.dsv
[4.209s] -- Installing: /home/aidenshaevitz/ros2_ws/src/stretch_sensor/install/stretch_sensor_msgs/share/stretch_sensor_msgs/environment/path.sh
[4.209s] -- Installing: /home/aidenshaevitz/ros2_ws/src/stretch_sensor/install/stretch_sensor_msgs/share/stretch_sensor_msgs/environment/path.dsv
[4.209s] -- Installing: /home/aidenshaevitz/ros2_ws/src/stretch_sensor/install/stretch_sensor_msgs/share/stretch_sensor_msgs/local_setup.bash
[4.209s] -- Installing: /home/aidenshaevitz/ros2_ws/src/stretch_sensor/install/stretch_sensor_msgs/share/stretch_sensor_msgs/local_setup.sh
[4.209s] -- Installing: /home/aidenshaevitz/ros2_ws/src/stretch_sensor/install/stretch_sensor_msgs/share/stretch_sensor_msgs/local_setup.zsh
[4.209s] -- Installing: /home/aidenshaevitz/ros2_ws/src/stretch_sensor/install/stretch_sensor_msgs/share/stretch_sensor_msgs/local_setup.dsv
[4.210s] -- Installing: /home/aidenshaevitz/ros2_ws/src/stretch_sensor/install/stretch_sensor_msgs/share/stretch_sensor_msgs/package.dsv
[4.210s] -- Installing: /home/aidenshaevitz/ros2_ws/src/stretch_sensor/install/stretch_sensor_msgs/share/ament_index/resource_index/packages/stretch_sensor_msgs
[4.210s] -- Installing: /home/aidenshaevitz/ros2_ws/src/stretch_sensor/install/stretch_sensor_msgs/share/stretch_sensor_msgs/cmake/export_stretch_sensor_msgs__rosidl_generator_cExport.cmake
[4.210s] -- Installing: /home/aidenshaevitz/ros2_ws/src/stretch_sensor/install/stretch_sensor_msgs/share/stretch_sensor_msgs/cmake/export_stretch_sensor_msgs__rosidl_generator_cExport-noconfig.cmake
[4.210s] -- Installing: /home/aidenshaevitz/ros2_ws/src/stretch_sensor/install/stretch_sensor_msgs/share/stretch_sensor_msgs/cmake/export_stretch_sensor_msgs__rosidl_typesupport_fastrtps_cExport.cmake
[4.211s] -- Installing: /home/aidenshaevitz/ros2_ws/src/stretch_sensor/install/stretch_sensor_msgs/share/stretch_sensor_msgs/cmake/export_stretch_sensor_msgs__rosidl_typesupport_fastrtps_cExport-noconfig.cmake
[4.211s] -- Installing: /home/aidenshaevitz/ros2_ws/src/stretch_sensor/install/stretch_sensor_msgs/share/stretch_sensor_msgs/cmake/export_stretch_sensor_msgs__rosidl_generator_cppExport.cmake
[4.211s] -- Installing: /home/aidenshaevitz/ros2_ws/src/stretch_sensor/install/stretch_sensor_msgs/share/stretch_sensor_msgs/cmake/export_stretch_sensor_msgs__rosidl_typesupport_fastrtps_cppExport.cmake
[4.211s] -- Installing: /home/aidenshaevitz/ros2_ws/src/stretch_sensor/install/stretch_sensor_msgs/share/stretch_sensor_msgs/cmake/export_stretch_sensor_msgs__rosidl_typesupport_fastrtps_cppExport-noconfig.cmake
[4.211s] -- Installing: /home/aidenshaevitz/ros2_ws/src/stretch_sensor/install/stretch_sensor_msgs/share/stretch_sensor_msgs/cmake/stretch_sensor_msgs__rosidl_typesupport_introspection_cExport.cmake
[4.211s] -- Installing: /home/aidenshaevitz/ros2_ws/src/stretch_sensor/install/stretch_sensor_msgs/share/stretch_sensor_msgs/cmake/stretch_sensor_msgs__rosidl_typesupport_introspection_cExport-noconfig.cmake
[4.212s] -- Installing: /home/aidenshaevitz/ros2_ws/src/stretch_sensor/install/stretch_sensor_msgs/share/stretch_sensor_msgs/cmake/stretch_sensor_msgs__rosidl_typesupport_cExport.cmake
[4.212s] -- Installing: /home/aidenshaevitz/ros2_ws/src/stretch_sensor/install/stretch_sensor_msgs/share/stretch_sensor_msgs/cmake/stretch_sensor_msgs__rosidl_typesupport_cExport-noconfig.cmake
[4.212s] -- Installing: /home/aidenshaevitz/ros2_ws/src/stretch_sensor/install/stretch_sensor_msgs/share/stretch_sensor_msgs/cmake/stretch_sensor_msgs__rosidl_typesupport_introspection_cppExport.cmake
[4.212s] -- Installing: /home/aidenshaevitz/ros2_ws/src/stretch_sensor/install/stretch_sensor_msgs/share/stretch_sensor_msgs/cmake/stretch_sensor_msgs__rosidl_typesupport_introspection_cppExport-noconfig.cmake
[4.212s] -- Installing: /home/aidenshaevitz/ros2_ws/src/stretch_sensor/install/stretch_sensor_msgs/share/stretch_sensor_msgs/cmake/stretch_sensor_msgs__rosidl_typesupport_cppExport.cmake
[4.213s] -- Installing: /home/aidenshaevitz/ros2_ws/src/stretch_sensor/install/stretch_sensor_msgs/share/stretch_sensor_msgs/cmake/stretch_sensor_msgs__rosidl_typesupport_cppExport-noconfig.cmake
[4.213s] -- Installing: /home/aidenshaevitz/ros2_ws/src/stretch_sensor/install/stretch_sensor_msgs/share/stretch_sensor_msgs/cmake/export_stretch_sensor_msgs__rosidl_generator_pyExport.cmake
[4.213s] -- Installing: /home/aidenshaevitz/ros2_ws/src/stretch_sensor/install/stretch_sensor_msgs/share/stretch_sensor_msgs/cmake/export_stretch_sensor_msgs__rosidl_generator_pyExport-noconfig.cmake
[4.213s] -- Installing: /home/aidenshaevitz/ros2_ws/src/stretch_sensor/install/stretch_sensor_msgs/share/stretch_sensor_msgs/cmake/rosidl_cmake-extras.cmake
[4.213s] -- Installing: /home/aidenshaevitz/ros2_ws/src/stretch_sensor/install/stretch_sensor_msgs/share/stretch_sensor_msgs/cmake/ament_cmake_export_dependencies-extras.cmake
[4.214s] -- Installing: /home/aidenshaevitz/ros2_ws/src/stretch_sensor/install/stretch_sensor_msgs/share/stretch_sensor_msgs/cmake/ament_cmake_export_include_directories-extras.cmake
[4.214s] -- Installing: /home/aidenshaevitz/ros2_ws/src/stretch_sensor/install/stretch_sensor_msgs/share/stretch_sensor_msgs/cmake/ament_cmake_export_libraries-extras.cmake
[4.214s] -- Installing: /home/aidenshaevitz/ros2_ws/src/stretch_sensor/install/stretch_sensor_msgs/share/stretch_sensor_msgs/cmake/ament_cmake_export_targets-extras.cmake
[4.214s] -- Installing: /home/aidenshaevitz/ros2_ws/src/stretch_sensor/install/stretch_sensor_msgs/share/stretch_sensor_msgs/cmake/rosidl_cmake_export_typesupport_targets-extras.cmake
[4.214s] -- Installing: /home/aidenshaevitz/ros2_ws/src/stretch_sensor/install/stretch_sensor_msgs/share/stretch_sensor_msgs/cmake/rosidl_cmake_export_typesupport_libraries-extras.cmake
[4.214s] -- Installing: /home/aidenshaevitz/ros2_ws/src/stretch_sensor/install/stretch_sensor_msgs/share/stretch_sensor_msgs/cmake/stretch_sensor_msgsConfig.cmake
[4.214s] -- Installing: /home/aidenshaevitz/ros2_ws/src/stretch_sensor/install/stretch_sensor_msgs/share/stretch_sensor_msgs/cmake/stretch_sensor_msgsConfig-version.cmake
[4.214s] -- Installing: /home/aidenshaevitz/ros2_ws/src/stretch_sensor/install/stretch_sensor_msgs/share/stretch_sensor_msgs/package.xml
[4.217s] Invoked command in '/home/aidenshaevitz/ros2_ws/src/stretch_sensor/build/stretch_sensor_msgs' returned '0': CMAKE_PREFIX_PATH=${CMAKE_PREFIX_PATH}:/home/aidenshaevitz/ros2_ws/install/stretch_sensor_mocap:/home/aidenshaevitz/ros2_ws/install/rob599_hw3:/home/aidenshaevitz/ros2_ws/install/rob599_hw2:/opt/ros/humble /usr/bin/cmake --install /home/aidenshaevitz/ros2_ws/src/stretch_sensor/build/stretch_sensor_msgs
