running egg_info
creating build/stretch_sensor_mocap/stretch_sensor_mocap.egg-info
writing build/stretch_sensor_mocap/stretch_sensor_mocap.egg-info/PKG-INFO
writing dependency_links to build/stretch_sensor_mocap/stretch_sensor_mocap.egg-info/dependency_links.txt
writing entry points to build/stretch_sensor_mocap/stretch_sensor_mocap.egg-info/entry_points.txt
writing requirements to build/stretch_sensor_mocap/stretch_sensor_mocap.egg-info/requires.txt
writing top-level names to build/stretch_sensor_mocap/stretch_sensor_mocap.egg-info/top_level.txt
writing manifest file 'build/stretch_sensor_mocap/stretch_sensor_mocap.egg-info/SOURCES.txt'
reading manifest file 'build/stretch_sensor_mocap/stretch_sensor_mocap.egg-info/SOURCES.txt'
adding license file 'LICENSE'
writing manifest file 'build/stretch_sensor_mocap/stretch_sensor_mocap.egg-info/SOURCES.txt'
running build
running build_py
creating /home/aidenshaevitz/ros2_ws/src/stretch_sensor/stretch_sensor_mocap/build/stretch_sensor_mocap/build
creating /home/aidenshaevitz/ros2_ws/src/stretch_sensor/stretch_sensor_mocap/build/stretch_sensor_mocap/build/lib
creating /home/aidenshaevitz/ros2_ws/src/stretch_sensor/stretch_sensor_mocap/build/stretch_sensor_mocap/build/lib/stretch_sensor_mocap
copying stretch_sensor_mocap/publisher_test.py -> /home/aidenshaevitz/ros2_ws/src/stretch_sensor/stretch_sensor_mocap/build/stretch_sensor_mocap/build/lib/stretch_sensor_mocap
copying stretch_sensor_mocap/__init__.py -> /home/aidenshaevitz/ros2_ws/src/stretch_sensor/stretch_sensor_mocap/build/stretch_sensor_mocap/build/lib/stretch_sensor_mocap
running install
running install_lib
creating /home/aidenshaevitz/ros2_ws/src/stretch_sensor/stretch_sensor_mocap/install/stretch_sensor_mocap/lib/python3.10/site-packages/stretch_sensor_mocap
copying /home/aidenshaevitz/ros2_ws/src/stretch_sensor/stretch_sensor_mocap/build/stretch_sensor_mocap/build/lib/stretch_sensor_mocap/publisher_test.py -> /home/aidenshaevitz/ros2_ws/src/stretch_sensor/stretch_sensor_mocap/install/stretch_sensor_mocap/lib/python3.10/site-packages/stretch_sensor_mocap
copying /home/aidenshaevitz/ros2_ws/src/stretch_sensor/stretch_sensor_mocap/build/stretch_sensor_mocap/build/lib/stretch_sensor_mocap/__init__.py -> /home/aidenshaevitz/ros2_ws/src/stretch_sensor/stretch_sensor_mocap/install/stretch_sensor_mocap/lib/python3.10/site-packages/stretch_sensor_mocap
byte-compiling /home/aidenshaevitz/ros2_ws/src/stretch_sensor/stretch_sensor_mocap/install/stretch_sensor_mocap/lib/python3.10/site-packages/stretch_sensor_mocap/publisher_test.py to publisher_test.cpython-310.pyc
byte-compiling /home/aidenshaevitz/ros2_ws/src/stretch_sensor/stretch_sensor_mocap/install/stretch_sensor_mocap/lib/python3.10/site-packages/stretch_sensor_mocap/__init__.py to __init__.cpython-310.pyc
running install_data
creating /home/aidenshaevitz/ros2_ws/src/stretch_sensor/stretch_sensor_mocap/install/stretch_sensor_mocap/share/ament_index
creating /home/aidenshaevitz/ros2_ws/src/stretch_sensor/stretch_sensor_mocap/install/stretch_sensor_mocap/share/ament_index/resource_index
creating /home/aidenshaevitz/ros2_ws/src/stretch_sensor/stretch_sensor_mocap/install/stretch_sensor_mocap/share/ament_index/resource_index/packages
copying resource/stretch_sensor_mocap -> /home/aidenshaevitz/ros2_ws/src/stretch_sensor/stretch_sensor_mocap/install/stretch_sensor_mocap/share/ament_index/resource_index/packages
copying package.xml -> /home/aidenshaevitz/ros2_ws/src/stretch_sensor/stretch_sensor_mocap/install/stretch_sensor_mocap/share/stretch_sensor_mocap
running install_egg_info
Copying build/stretch_sensor_mocap/stretch_sensor_mocap.egg-info to /home/aidenshaevitz/ros2_ws/src/stretch_sensor/stretch_sensor_mocap/install/stretch_sensor_mocap/lib/python3.10/site-packages/stretch_sensor_mocap-0.0.0-py3.10.egg-info
running install_scripts
writing list of installed files to '/home/aidenshaevitz/ros2_ws/src/stretch_sensor/stretch_sensor_mocap/build/stretch_sensor_mocap/install.log'
