[0.850s] DEBUG:colcon:Command line arguments: ['/usr/bin/colcon', 'build']
[0.850s] DEBUG:colcon:Parsed command line arguments: Namespace(log_base=None, log_level=None, verb_name='build', build_base='build', install_base='install', merge_install=False, symlink_install=False, test_result_base=None, continue_on_error=False, executor='parallel', parallel_workers=12, event_handlers=None, ignore_user_meta=False, metas=['./colcon.meta'], base_paths=['.'], packages_ignore=None, packages_ignore_regex=None, paths=None, packages_up_to=None, packages_up_to_regex=None, packages_above=None, packages_above_and_dependencies=None, packages_above_depth=None, packages_select_by_dep=None, packages_skip_by_dep=None, packages_skip_up_to=None, packages_select_build_failed=False, packages_skip_build_finished=False, packages_select_test_failures=False, packages_skip_test_passed=False, packages_select=None, packages_skip=None, packages_select_regex=None, packages_skip_regex=None, packages_start=None, packages_end=None, allow_overriding=[], cmake_args=None, cmake_target=None, cmake_target_skip_unavailable=False, cmake_clean_cache=False, cmake_clean_first=False, cmake_force_configure=False, ament_cmake_args=None, catkin_cmake_args=None, catkin_skip_building_tests=False, verb_parser=<colcon_defaults.argument_parser.defaults.DefaultArgumentsDecorator object at 0x7f920635d960>, verb_extension=<colcon_core.verb.build.BuildVerb object at 0x7f92063789d0>, main=<bound method BuildVerb.main of <colcon_core.verb.build.BuildVerb object at 0x7f92063789d0>>)
[0.888s] Level 1:colcon.colcon_core.package_discovery:discover_packages(colcon_meta) check parameters
[0.888s] Level 1:colcon.colcon_core.package_discovery:discover_packages(recursive) check parameters
[0.888s] Level 1:colcon.colcon_core.package_discovery:discover_packages(ignore) check parameters
[0.888s] Level 1:colcon.colcon_core.package_discovery:discover_packages(path) check parameters
[0.888s] Level 1:colcon.colcon_core.package_discovery:discover_packages(colcon_meta) discover
[0.888s] Level 1:colcon.colcon_core.package_discovery:discover_packages(recursive) discover
[0.888s] INFO:colcon.colcon_core.package_discovery:Crawling recursively for packages in '/home/aidenshaevitz/ros2_ws/src/stretch_sensor'
[0.888s] Level 1:colcon.colcon_core.package_identification:_identify(.) by extensions ['ignore', 'ignore_ament_install']
[0.888s] Level 1:colcon.colcon_core.package_identification:_identify(.) by extension 'ignore'
[0.888s] Level 1:colcon.colcon_core.package_identification:_identify(.) by extension 'ignore_ament_install'
[0.888s] Level 1:colcon.colcon_core.package_identification:_identify(.) by extensions ['colcon_pkg']
[0.888s] Level 1:colcon.colcon_core.package_identification:_identify(.) by extension 'colcon_pkg'
[0.888s] Level 1:colcon.colcon_core.package_identification:_identify(.) by extensions ['colcon_meta']
[0.888s] Level 1:colcon.colcon_core.package_identification:_identify(.) by extension 'colcon_meta'
[0.889s] Level 1:colcon.colcon_core.package_identification:_identify(.) by extensions ['ros']
[0.889s] Level 1:colcon.colcon_core.package_identification:_identify(.) by extension 'ros'
[0.897s] Level 1:colcon.colcon_core.package_identification:_identify(.) by extensions ['cmake', 'python']
[0.897s] Level 1:colcon.colcon_core.package_identification:_identify(.) by extension 'cmake'
[0.897s] Level 1:colcon.colcon_core.package_identification:_identify(.) by extension 'python'
[0.897s] Level 1:colcon.colcon_core.package_identification:_identify(.) by extensions ['python_setup_py']
[0.897s] Level 1:colcon.colcon_core.package_identification:_identify(.) by extension 'python_setup_py'
[0.897s] Level 1:colcon.colcon_core.package_identification:_identify(build) by extensions ['ignore', 'ignore_ament_install']
[0.898s] Level 1:colcon.colcon_core.package_identification:_identify(build) by extension 'ignore'
[0.898s] Level 1:colcon.colcon_core.package_identification:_identify(build) ignored
[0.898s] Level 1:colcon.colcon_core.package_identification:_identify(install) by extensions ['ignore', 'ignore_ament_install']
[0.898s] Level 1:colcon.colcon_core.package_identification:_identify(install) by extension 'ignore'
[0.898s] Level 1:colcon.colcon_core.package_identification:_identify(install) ignored
[0.898s] Level 1:colcon.colcon_core.package_identification:_identify(log) by extensions ['ignore', 'ignore_ament_install']
[0.898s] Level 1:colcon.colcon_core.package_identification:_identify(log) by extension 'ignore'
[0.898s] Level 1:colcon.colcon_core.package_identification:_identify(log) ignored
[0.898s] Level 1:colcon.colcon_core.package_identification:_identify(stretch_sensor_mocap) by extensions ['ignore', 'ignore_ament_install']
[0.898s] Level 1:colcon.colcon_core.package_identification:_identify(stretch_sensor_mocap) by extension 'ignore'
[0.898s] Level 1:colcon.colcon_core.package_identification:_identify(stretch_sensor_mocap) by extension 'ignore_ament_install'
[0.898s] Level 1:colcon.colcon_core.package_identification:_identify(stretch_sensor_mocap) by extensions ['colcon_pkg']
[0.898s] Level 1:colcon.colcon_core.package_identification:_identify(stretch_sensor_mocap) by extension 'colcon_pkg'
[0.898s] Level 1:colcon.colcon_core.package_identification:_identify(stretch_sensor_mocap) by extensions ['colcon_meta']
[0.898s] Level 1:colcon.colcon_core.package_identification:_identify(stretch_sensor_mocap) by extension 'colcon_meta'
[0.898s] Level 1:colcon.colcon_core.package_identification:_identify(stretch_sensor_mocap) by extensions ['ros']
[0.898s] Level 1:colcon.colcon_core.package_identification:_identify(stretch_sensor_mocap) by extension 'ros'
[0.900s] DEBUG:colcon.colcon_core.package_identification:Package 'stretch_sensor_mocap' with type 'ros.ament_python' and name 'stretch_sensor_mocap'
[0.900s] Level 1:colcon.colcon_core.package_identification:_identify(stretch_sensor_msgs) by extensions ['ignore', 'ignore_ament_install']
[0.900s] Level 1:colcon.colcon_core.package_identification:_identify(stretch_sensor_msgs) by extension 'ignore'
[0.900s] Level 1:colcon.colcon_core.package_identification:_identify(stretch_sensor_msgs) by extension 'ignore_ament_install'
[0.900s] Level 1:colcon.colcon_core.package_identification:_identify(stretch_sensor_msgs) by extensions ['colcon_pkg']
[0.900s] Level 1:colcon.colcon_core.package_identification:_identify(stretch_sensor_msgs) by extension 'colcon_pkg'
[0.900s] Level 1:colcon.colcon_core.package_identification:_identify(stretch_sensor_msgs) by extensions ['colcon_meta']
[0.900s] Level 1:colcon.colcon_core.package_identification:_identify(stretch_sensor_msgs) by extension 'colcon_meta'
[0.901s] Level 1:colcon.colcon_core.package_identification:_identify(stretch_sensor_msgs) by extensions ['ros']
[0.901s] Level 1:colcon.colcon_core.package_identification:_identify(stretch_sensor_msgs) by extension 'ros'
[0.901s] DEBUG:colcon.colcon_core.package_identification:Package 'stretch_sensor_msgs' with type 'ros.ament_cmake' and name 'stretch_sensor_msgs'
[0.901s] Level 1:colcon.colcon_core.package_discovery:discover_packages(recursive) using defaults
[0.901s] Level 1:colcon.colcon_core.package_discovery:discover_packages(ignore) discover
[0.901s] Level 1:colcon.colcon_core.package_discovery:discover_packages(ignore) using defaults
[0.901s] Level 1:colcon.colcon_core.package_discovery:discover_packages(path) discover
[0.901s] Level 1:colcon.colcon_core.package_discovery:discover_packages(path) using defaults
[0.976s] Level 1:colcon.colcon_core.package_discovery:discover_packages(prefix_path) check parameters
[0.977s] Level 1:colcon.colcon_core.package_discovery:discover_packages(prefix_path) discover
[1.002s] DEBUG:colcon.colcon_installed_package_information.package_discovery:Found 6 installed packages in /home/aidenshaevitz/ros2_ws/install
[1.015s] DEBUG:colcon.colcon_installed_package_information.package_discovery:Found 271 installed packages in /opt/ros/humble
[1.015s] Level 1:colcon.colcon_core.package_discovery:discover_packages(prefix_path) using defaults
[1.097s] Level 5:colcon.colcon_core.verb:set package 'stretch_sensor_mocap' build argument 'cmake_args' from command line to 'None'
[1.097s] Level 5:colcon.colcon_core.verb:set package 'stretch_sensor_mocap' build argument 'cmake_target' from command line to 'None'
[1.097s] Level 5:colcon.colcon_core.verb:set package 'stretch_sensor_mocap' build argument 'cmake_target_skip_unavailable' from command line to 'False'
[1.097s] Level 5:colcon.colcon_core.verb:set package 'stretch_sensor_mocap' build argument 'cmake_clean_cache' from command line to 'False'
[1.097s] Level 5:colcon.colcon_core.verb:set package 'stretch_sensor_mocap' build argument 'cmake_clean_first' from command line to 'False'
[1.097s] Level 5:colcon.colcon_core.verb:set package 'stretch_sensor_mocap' build argument 'cmake_force_configure' from command line to 'False'
[1.097s] Level 5:colcon.colcon_core.verb:set package 'stretch_sensor_mocap' build argument 'ament_cmake_args' from command line to 'None'
[1.097s] Level 5:colcon.colcon_core.verb:set package 'stretch_sensor_mocap' build argument 'catkin_cmake_args' from command line to 'None'
[1.097s] Level 5:colcon.colcon_core.verb:set package 'stretch_sensor_mocap' build argument 'catkin_skip_building_tests' from command line to 'False'
[1.097s] DEBUG:colcon.colcon_core.verb:Building package 'stretch_sensor_mocap' with the following arguments: {'ament_cmake_args': None, 'build_base': '/home/aidenshaevitz/ros2_ws/src/stretch_sensor/build/stretch_sensor_mocap', 'catkin_cmake_args': None, 'catkin_skip_building_tests': False, 'cmake_args': None, 'cmake_clean_cache': False, 'cmake_clean_first': False, 'cmake_force_configure': False, 'cmake_target': None, 'cmake_target_skip_unavailable': False, 'install_base': '/home/aidenshaevitz/ros2_ws/src/stretch_sensor/install/stretch_sensor_mocap', 'merge_install': False, 'path': '/home/aidenshaevitz/ros2_ws/src/stretch_sensor/stretch_sensor_mocap', 'symlink_install': False, 'test_result_base': None}
[1.109s] Level 5:colcon.colcon_core.verb:set package 'stretch_sensor_msgs' build argument 'cmake_args' from command line to 'None'
[1.109s] Level 5:colcon.colcon_core.verb:set package 'stretch_sensor_msgs' build argument 'cmake_target' from command line to 'None'
[1.110s] Level 5:colcon.colcon_core.verb:set package 'stretch_sensor_msgs' build argument 'cmake_target_skip_unavailable' from command line to 'False'
[1.110s] Level 5:colcon.colcon_core.verb:set package 'stretch_sensor_msgs' build argument 'cmake_clean_cache' from command line to 'False'
[1.110s] Level 5:colcon.colcon_core.verb:set package 'stretch_sensor_msgs' build argument 'cmake_clean_first' from command line to 'False'
[1.110s] Level 5:colcon.colcon_core.verb:set package 'stretch_sensor_msgs' build argument 'cmake_force_configure' from command line to 'False'
[1.110s] Level 5:colcon.colcon_core.verb:set package 'stretch_sensor_msgs' build argument 'ament_cmake_args' from command line to 'None'
[1.110s] Level 5:colcon.colcon_core.verb:set package 'stretch_sensor_msgs' build argument 'catkin_cmake_args' from command line to 'None'
[1.110s] Level 5:colcon.colcon_core.verb:set package 'stretch_sensor_msgs' build argument 'catkin_skip_building_tests' from command line to 'False'
[1.110s] DEBUG:colcon.colcon_core.verb:Building package 'stretch_sensor_msgs' with the following arguments: {'ament_cmake_args': None, 'build_base': '/home/aidenshaevitz/ros2_ws/src/stretch_sensor/build/stretch_sensor_msgs', 'catkin_cmake_args': None, 'catkin_skip_building_tests': False, 'cmake_args': None, 'cmake_clean_cache': False, 'cmake_clean_first': False, 'cmake_force_configure': False, 'cmake_target': None, 'cmake_target_skip_unavailable': False, 'install_base': '/home/aidenshaevitz/ros2_ws/src/stretch_sensor/install/stretch_sensor_msgs', 'merge_install': False, 'path': '/home/aidenshaevitz/ros2_ws/src/stretch_sensor/stretch_sensor_msgs', 'symlink_install': False, 'test_result_base': None}
[1.122s] INFO:colcon.colcon_core.executor:Executing jobs using 'parallel' executor
[1.134s] DEBUG:colcon.colcon_parallel_executor.executor.parallel:run_until_complete
[1.134s] INFO:colcon.colcon_ros.task.ament_python.build:Building ROS package in '/home/aidenshaevitz/ros2_ws/src/stretch_sensor/stretch_sensor_mocap' with build type 'ament_python'
[1.135s] Level 1:colcon.colcon_core.shell:create_environment_hook('stretch_sensor_mocap', 'ament_prefix_path')
[1.149s] INFO:colcon.colcon_core.plugin_system:Skipping extension 'colcon_core.shell.bat': Not used on non-Windows systems
[1.149s] INFO:colcon.colcon_core.shell:Creating environment hook '/home/aidenshaevitz/ros2_ws/src/stretch_sensor/install/stretch_sensor_mocap/share/stretch_sensor_mocap/hook/ament_prefix_path.ps1'
[1.150s] INFO:colcon.colcon_core.shell:Creating environment descriptor '/home/aidenshaevitz/ros2_ws/src/stretch_sensor/install/stretch_sensor_mocap/share/stretch_sensor_mocap/hook/ament_prefix_path.dsv'
[1.150s] INFO:colcon.colcon_core.shell:Creating environment hook '/home/aidenshaevitz/ros2_ws/src/stretch_sensor/install/stretch_sensor_mocap/share/stretch_sensor_mocap/hook/ament_prefix_path.sh'
[1.163s] INFO:colcon.colcon_core.shell:Skip shell extension 'powershell' for command environment: Not usable outside of PowerShell
[1.163s] DEBUG:colcon.colcon_core.shell:Skip shell extension 'dsv' for command environment
[1.204s] INFO:colcon.colcon_ros.task.ament_cmake.build:Building ROS package in '/home/aidenshaevitz/ros2_ws/src/stretch_sensor/stretch_sensor_msgs' with build type 'ament_cmake'
[1.204s] INFO:colcon.colcon_cmake.task.cmake.build:Building CMake package in '/home/aidenshaevitz/ros2_ws/src/stretch_sensor/stretch_sensor_msgs'
[1.217s] INFO:colcon.colcon_core.shell:Skip shell extension 'powershell' for command environment: Not usable outside of PowerShell
[1.218s] DEBUG:colcon.colcon_core.shell:Skip shell extension 'dsv' for command environment
[1.488s] INFO:colcon.colcon_core.task.python.build:Building Python package in '/home/aidenshaevitz/ros2_ws/src/stretch_sensor/stretch_sensor_mocap'
[1.501s] INFO:colcon.colcon_core.shell:Skip shell extension 'powershell' for command environment: Not usable outside of PowerShell
[1.501s] DEBUG:colcon.colcon_core.shell:Skip shell extension 'dsv' for command environment
[1.544s] DEBUG:colcon.colcon_core.event_handler.log_command:Invoking command in '/home/aidenshaevitz/ros2_ws/src/stretch_sensor/build/stretch_sensor_msgs': CMAKE_PREFIX_PATH=${CMAKE_PREFIX_PATH}:/home/aidenshaevitz/ros2_ws/install/stretchable_mocap_sensor:/home/aidenshaevitz/ros2_ws/install/stretch_mocap_sensor:/home/aidenshaevitz/ros2_ws/install/rob599_basic:/opt/ros/humble /usr/bin/cmake /home/aidenshaevitz/ros2_ws/src/stretch_sensor/stretch_sensor_msgs -DCMAKE_INSTALL_PREFIX=/home/aidenshaevitz/ros2_ws/src/stretch_sensor/install/stretch_sensor_msgs
[1.844s] DEBUG:colcon.colcon_core.event_handler.log_command:Invoking command in '/home/aidenshaevitz/ros2_ws/src/stretch_sensor/stretch_sensor_mocap': PYTHONPATH=/home/aidenshaevitz/ros2_ws/src/stretch_sensor/build/stretch_sensor_mocap/prefix_override:/home/aidenshaevitz/ros2_ws/src/stretch_sensor/install/stretch_sensor_mocap/lib/python3.10/site-packages:${PYTHONPATH} /usr/bin/python3 setup.py egg_info --egg-base ../build/stretch_sensor_mocap build --build-base /home/aidenshaevitz/ros2_ws/src/stretch_sensor/build/stretch_sensor_mocap/build install --record /home/aidenshaevitz/ros2_ws/src/stretch_sensor/build/stretch_sensor_mocap/install.log --single-version-externally-managed
[1.851s] DEBUG:colcon.colcon_core.event_handler.log_command:Invoked command in '/home/aidenshaevitz/ros2_ws/src/stretch_sensor/build/stretch_sensor_msgs' returned '1': CMAKE_PREFIX_PATH=${CMAKE_PREFIX_PATH}:/home/aidenshaevitz/ros2_ws/install/stretchable_mocap_sensor:/home/aidenshaevitz/ros2_ws/install/stretch_mocap_sensor:/home/aidenshaevitz/ros2_ws/install/rob599_basic:/opt/ros/humble /usr/bin/cmake /home/aidenshaevitz/ros2_ws/src/stretch_sensor/stretch_sensor_msgs -DCMAKE_INSTALL_PREFIX=/home/aidenshaevitz/ros2_ws/src/stretch_sensor/install/stretch_sensor_msgs
[1.861s] Level 1:colcon.colcon_core.environment:create_environment_scripts_only(stretch_sensor_msgs)
[1.876s] Level 1:colcon.colcon_core.environment:checking '/home/aidenshaevitz/ros2_ws/src/stretch_sensor/install/stretch_sensor_msgs' for CMake module files
[1.876s] Level 1:colcon.colcon_core.environment:checking '/home/aidenshaevitz/ros2_ws/src/stretch_sensor/install/stretch_sensor_msgs' for CMake config files
[1.877s] Level 1:colcon.colcon_core.environment:checking '/home/aidenshaevitz/ros2_ws/src/stretch_sensor/install/stretch_sensor_msgs/bin'
[1.877s] Level 1:colcon.colcon_core.environment:checking '/home/aidenshaevitz/ros2_ws/src/stretch_sensor/install/stretch_sensor_msgs/lib/pkgconfig/stretch_sensor_msgs.pc'
[1.877s] Level 1:colcon.colcon_core.environment:checking '/home/aidenshaevitz/ros2_ws/src/stretch_sensor/install/stretch_sensor_msgs/lib/python3.10/site-packages'
[1.877s] Level 1:colcon.colcon_core.environment:checking '/home/aidenshaevitz/ros2_ws/src/stretch_sensor/install/stretch_sensor_msgs/bin'
[1.890s] INFO:colcon.colcon_core.shell:Creating package script '/home/aidenshaevitz/ros2_ws/src/stretch_sensor/install/stretch_sensor_msgs/share/stretch_sensor_msgs/package.ps1'
[1.891s] INFO:colcon.colcon_core.shell:Creating package descriptor '/home/aidenshaevitz/ros2_ws/src/stretch_sensor/install/stretch_sensor_msgs/share/stretch_sensor_msgs/package.dsv'
[1.891s] INFO:colcon.colcon_core.shell:Creating package script '/home/aidenshaevitz/ros2_ws/src/stretch_sensor/install/stretch_sensor_msgs/share/stretch_sensor_msgs/package.sh'
[1.892s] INFO:colcon.colcon_core.shell:Creating package script '/home/aidenshaevitz/ros2_ws/src/stretch_sensor/install/stretch_sensor_msgs/share/stretch_sensor_msgs/package.bash'
[1.892s] INFO:colcon.colcon_core.shell:Creating package script '/home/aidenshaevitz/ros2_ws/src/stretch_sensor/install/stretch_sensor_msgs/share/stretch_sensor_msgs/package.zsh'
[1.893s] Level 1:colcon.colcon_core.environment:create_file_with_runtime_dependencies(/home/aidenshaevitz/ros2_ws/src/stretch_sensor/install/stretch_sensor_msgs/share/colcon-core/packages/stretch_sensor_msgs)
[2.116s] DEBUG:colcon.colcon_parallel_executor.executor.parallel:closing loop
[2.117s] DEBUG:colcon.colcon_parallel_executor.executor.parallel:loop closed
[2.117s] DEBUG:colcon.colcon_parallel_executor.executor.parallel:run_until_complete finished with '1'
[2.117s] DEBUG:colcon.colcon_core.event_reactor:joining thread
[2.135s] INFO:colcon.colcon_core.plugin_system:Skipping extension 'colcon_notification.desktop_notification.terminal_notifier': Not used on non-Darwin systems
[2.136s] INFO:colcon.colcon_core.plugin_system:Skipping extension 'colcon_notification.desktop_notification.win32': Not used on non-Windows systems
[2.136s] INFO:colcon.colcon_notification.desktop_notification:Sending desktop notification using 'notify2'
[2.146s] DEBUG:colcon.colcon_core.event_reactor:joined thread
[2.159s] INFO:colcon.colcon_core.shell:Creating prefix script '/home/aidenshaevitz/ros2_ws/src/stretch_sensor/install/local_setup.ps1'
[2.160s] INFO:colcon.colcon_core.shell:Creating prefix util module '/home/aidenshaevitz/ros2_ws/src/stretch_sensor/install/_local_setup_util_ps1.py'
[2.161s] INFO:colcon.colcon_core.shell:Creating prefix chain script '/home/aidenshaevitz/ros2_ws/src/stretch_sensor/install/setup.ps1'
[2.175s] INFO:colcon.colcon_core.shell:Creating prefix script '/home/aidenshaevitz/ros2_ws/src/stretch_sensor/install/local_setup.sh'
[2.175s] INFO:colcon.colcon_core.shell:Creating prefix util module '/home/aidenshaevitz/ros2_ws/src/stretch_sensor/install/_local_setup_util_sh.py'
[2.176s] INFO:colcon.colcon_core.shell:Creating prefix chain script '/home/aidenshaevitz/ros2_ws/src/stretch_sensor/install/setup.sh'
[2.189s] INFO:colcon.colcon_core.shell:Creating prefix script '/home/aidenshaevitz/ros2_ws/src/stretch_sensor/install/local_setup.bash'
[2.190s] INFO:colcon.colcon_core.shell:Creating prefix chain script '/home/aidenshaevitz/ros2_ws/src/stretch_sensor/install/setup.bash'
[2.204s] INFO:colcon.colcon_core.shell:Creating prefix script '/home/aidenshaevitz/ros2_ws/src/stretch_sensor/install/local_setup.zsh'
[2.204s] INFO:colcon.colcon_core.shell:Creating prefix chain script '/home/aidenshaevitz/ros2_ws/src/stretch_sensor/install/setup.zsh'
