[0.343s] Invoking command in '/home/aidenshaevitz/ros2_ws/src/stretch_sensor/build/stretch_sensor_msgs': CMAKE_PREFIX_PATH=${CMAKE_PREFIX_PATH}:/home/aidenshaevitz/ros2_ws/install/stretchable_mocap_sensor:/home/aidenshaevitz/ros2_ws/install/stretch_mocap_sensor:/home/aidenshaevitz/ros2_ws/install/rob599_basic:/opt/ros/humble /usr/bin/cmake /home/aidenshaevitz/ros2_ws/src/stretch_sensor/stretch_sensor_msgs -DCMAKE_INSTALL_PREFIX=/home/aidenshaevitz/ros2_ws/src/stretch_sensor/install/stretch_sensor_msgs
[0.389s] -- The C compiler identification is GNU 11.4.0
[0.435s] -- The CXX compiler identification is GNU 11.4.0
[0.441s] -- Detecting C compiler ABI info
[0.499s] -- Detecting C compiler ABI info - done
[0.505s] -- Check for working C compiler: /usr/bin/cc - skipped
[0.505s] -- Detecting C compile features
[0.506s] -- Detecting C compile features - done
[0.508s] -- Detecting CXX compiler ABI info
[0.577s] -- Detecting CXX compiler ABI info - done
[0.584s] -- Check for working CXX compiler: /usr/bin/c++ - skipped
[0.584s] -- Detecting CXX compile features
[0.584s] -- Detecting CXX compile features - done
[0.587s] -- Found ament_cmake: 1.3.7 (/opt/ros/humble/share/ament_cmake/cmake)
[0.740s] -- Found Python3: /usr/bin/python3.10 (found version "3.10.12") found components: Interpreter 
[0.820s] -- Found geometry_msgs: 4.2.3 (/opt/ros/humble/share/geometry_msgs/cmake)
[0.855s] -- Found rosidl_generator_c: 3.1.5 (/opt/ros/humble/share/rosidl_generator_c/cmake)
[0.861s] -- Found rosidl_adapter: 3.1.5 (/opt/ros/humble/share/rosidl_adapter/cmake)
[0.871s] -- Found rosidl_generator_cpp: 3.1.5 (/opt/ros/humble/share/rosidl_generator_cpp/cmake)
[0.884s] -- Using all available rosidl_typesupport_c: rosidl_typesupport_fastrtps_c;rosidl_typesupport_introspection_c
[0.903s] -- Using all available rosidl_typesupport_cpp: rosidl_typesupport_fastrtps_cpp;rosidl_typesupport_introspection_cpp
[1.015s] -- Found rosidl_default_generators: 1.2.0 (/opt/ros/humble/share/rosidl_default_generators/cmake)
[1.023s] [31mCMake Error at /opt/ros/humble/share/rosidl_cmake/cmake/rosidl_generate_interfaces.cmake:93 (message):
[1.023s]   rosidl_generate_interfaces() the passed file 'msg/Coords.msg' doesn't exist
[1.023s]   relative to the CMAKE_CURRENT_SOURCE_DIR
[1.023s]   '/home/aidenshaevitz/ros2_ws/src/stretch_sensor/stretch_sensor_msgs'
[1.023s] Call Stack (most recent call first):
[1.023s]   CMakeLists.txt:16 (rosidl_generate_interfaces)
[1.023s] 
[1.023s] [0m
[1.024s] -- Configuring incomplete, errors occurred!
[1.024s] See also "/home/aidenshaevitz/ros2_ws/src/stretch_sensor/build/stretch_sensor_msgs/CMakeFiles/CMakeOutput.log".
[1.027s] Invoked command in '/home/aidenshaevitz/ros2_ws/src/stretch_sensor/build/stretch_sensor_msgs' returned '1': CMAKE_PREFIX_PATH=${CMAKE_PREFIX_PATH}:/home/aidenshaevitz/ros2_ws/install/stretchable_mocap_sensor:/home/aidenshaevitz/ros2_ws/install/stretch_mocap_sensor:/home/aidenshaevitz/ros2_ws/install/rob599_basic:/opt/ros/humble /usr/bin/cmake /home/aidenshaevitz/ros2_ws/src/stretch_sensor/stretch_sensor_msgs -DCMAKE_INSTALL_PREFIX=/home/aidenshaevitz/ros2_ws/src/stretch_sensor/install/stretch_sensor_msgs
