[0.845s] DEBUG:colcon:Command line arguments: ['/usr/bin/colcon', 'build']
[0.845s] DEBUG:colcon:Parsed command line arguments: Namespace(log_base=None, log_level=None, verb_name='build', build_base='build', install_base='install', merge_install=False, symlink_install=False, test_result_base=None, continue_on_error=False, executor='parallel', parallel_workers=12, event_handlers=None, ignore_user_meta=False, metas=['./colcon.meta'], base_paths=['.'], packages_ignore=None, packages_ignore_regex=None, paths=None, packages_up_to=None, packages_up_to_regex=None, packages_above=None, packages_above_and_dependencies=None, packages_above_depth=None, packages_select_by_dep=None, packages_skip_by_dep=None, packages_skip_up_to=None, packages_select_build_failed=False, packages_skip_build_finished=False, packages_select_test_failures=False, packages_skip_test_passed=False, packages_select=None, packages_skip=None, packages_select_regex=None, packages_skip_regex=None, packages_start=None, packages_end=None, allow_overriding=[], cmake_args=None, cmake_target=None, cmake_target_skip_unavailable=False, cmake_clean_cache=False, cmake_clean_first=False, cmake_force_configure=False, ament_cmake_args=None, catkin_cmake_args=None, catkin_skip_building_tests=False, verb_parser=<colcon_defaults.argument_parser.defaults.DefaultArgumentsDecorator object at 0x7f66f8e601f0>, verb_extension=<colcon_core.verb.build.BuildVerb object at 0x7f66f8e7bb80>, main=<bound method BuildVerb.main of <colcon_core.verb.build.BuildVerb object at 0x7f66f8e7bb80>>)
[0.883s] Level 1:colcon.colcon_core.package_discovery:discover_packages(colcon_meta) check parameters
[0.883s] Level 1:colcon.colcon_core.package_discovery:discover_packages(recursive) check parameters
[0.883s] Level 1:colcon.colcon_core.package_discovery:discover_packages(ignore) check parameters
[0.883s] Level 1:colcon.colcon_core.package_discovery:discover_packages(path) check parameters
[0.883s] Level 1:colcon.colcon_core.package_discovery:discover_packages(colcon_meta) discover
[0.883s] Level 1:colcon.colcon_core.package_discovery:discover_packages(recursive) discover
[0.883s] INFO:colcon.colcon_core.package_discovery:Crawling recursively for packages in '/home/aidenshaevitz/ros2_ws/src/stretch_sensor/stretch_sensor_msgs'
[0.883s] Level 1:colcon.colcon_core.package_identification:_identify(.) by extensions ['ignore', 'ignore_ament_install']
[0.883s] Level 1:colcon.colcon_core.package_identification:_identify(.) by extension 'ignore'
[0.883s] Level 1:colcon.colcon_core.package_identification:_identify(.) by extension 'ignore_ament_install'
[0.883s] Level 1:colcon.colcon_core.package_identification:_identify(.) by extensions ['colcon_pkg']
[0.883s] Level 1:colcon.colcon_core.package_identification:_identify(.) by extension 'colcon_pkg'
[0.883s] Level 1:colcon.colcon_core.package_identification:_identify(.) by extensions ['colcon_meta']
[0.883s] Level 1:colcon.colcon_core.package_identification:_identify(.) by extension 'colcon_meta'
[0.883s] Level 1:colcon.colcon_core.package_identification:_identify(.) by extensions ['ros']
[0.883s] Level 1:colcon.colcon_core.package_identification:_identify(.) by extension 'ros'
[0.893s] DEBUG:colcon.colcon_core.package_identification:Package '.' with type 'ros.ament_cmake' and name 'stretch_sensor_msgs'
[0.894s] Level 1:colcon.colcon_core.package_discovery:discover_packages(recursive) using defaults
[0.894s] Level 1:colcon.colcon_core.package_discovery:discover_packages(ignore) discover
[0.894s] Level 1:colcon.colcon_core.package_discovery:discover_packages(ignore) using defaults
[0.894s] Level 1:colcon.colcon_core.package_discovery:discover_packages(path) discover
[0.894s] Level 1:colcon.colcon_core.package_discovery:discover_packages(path) using defaults
[0.968s] Level 1:colcon.colcon_core.package_discovery:discover_packages(prefix_path) check parameters
[0.969s] Level 1:colcon.colcon_core.package_discovery:discover_packages(prefix_path) discover
[0.994s] DEBUG:colcon.colcon_installed_package_information.package_discovery:Found 6 installed packages in /home/aidenshaevitz/ros2_ws/install
[1.007s] DEBUG:colcon.colcon_installed_package_information.package_discovery:Found 271 installed packages in /opt/ros/humble
[1.007s] Level 1:colcon.colcon_core.package_discovery:discover_packages(prefix_path) using defaults
[1.088s] Level 5:colcon.colcon_core.verb:set package 'stretch_sensor_msgs' build argument 'cmake_args' from command line to 'None'
[1.088s] Level 5:colcon.colcon_core.verb:set package 'stretch_sensor_msgs' build argument 'cmake_target' from command line to 'None'
[1.088s] Level 5:colcon.colcon_core.verb:set package 'stretch_sensor_msgs' build argument 'cmake_target_skip_unavailable' from command line to 'False'
[1.088s] Level 5:colcon.colcon_core.verb:set package 'stretch_sensor_msgs' build argument 'cmake_clean_cache' from command line to 'False'
[1.088s] Level 5:colcon.colcon_core.verb:set package 'stretch_sensor_msgs' build argument 'cmake_clean_first' from command line to 'False'
[1.088s] Level 5:colcon.colcon_core.verb:set package 'stretch_sensor_msgs' build argument 'cmake_force_configure' from command line to 'False'
[1.088s] Level 5:colcon.colcon_core.verb:set package 'stretch_sensor_msgs' build argument 'ament_cmake_args' from command line to 'None'
[1.088s] Level 5:colcon.colcon_core.verb:set package 'stretch_sensor_msgs' build argument 'catkin_cmake_args' from command line to 'None'
[1.088s] Level 5:colcon.colcon_core.verb:set package 'stretch_sensor_msgs' build argument 'catkin_skip_building_tests' from command line to 'False'
[1.089s] DEBUG:colcon.colcon_core.verb:Building package 'stretch_sensor_msgs' with the following arguments: {'ament_cmake_args': None, 'build_base': '/home/aidenshaevitz/ros2_ws/src/stretch_sensor/stretch_sensor_msgs/build/stretch_sensor_msgs', 'catkin_cmake_args': None, 'catkin_skip_building_tests': False, 'cmake_args': None, 'cmake_clean_cache': False, 'cmake_clean_first': False, 'cmake_force_configure': False, 'cmake_target': None, 'cmake_target_skip_unavailable': False, 'install_base': '/home/aidenshaevitz/ros2_ws/src/stretch_sensor/stretch_sensor_msgs/install/stretch_sensor_msgs', 'merge_install': False, 'path': '/home/aidenshaevitz/ros2_ws/src/stretch_sensor/stretch_sensor_msgs', 'symlink_install': False, 'test_result_base': None}
[1.100s] INFO:colcon.colcon_core.executor:Executing jobs using 'parallel' executor
[1.113s] DEBUG:colcon.colcon_parallel_executor.executor.parallel:run_until_complete
[1.113s] INFO:colcon.colcon_ros.task.ament_cmake.build:Building ROS package in '/home/aidenshaevitz/ros2_ws/src/stretch_sensor/stretch_sensor_msgs' with build type 'ament_cmake'
[1.113s] INFO:colcon.colcon_cmake.task.cmake.build:Building CMake package in '/home/aidenshaevitz/ros2_ws/src/stretch_sensor/stretch_sensor_msgs'
[1.128s] INFO:colcon.colcon_core.plugin_system:Skipping extension 'colcon_core.shell.bat': Not used on non-Windows systems
[1.128s] INFO:colcon.colcon_core.shell:Skip shell extension 'powershell' for command environment: Not usable outside of PowerShell
[1.128s] DEBUG:colcon.colcon_core.shell:Skip shell extension 'dsv' for command environment
[1.174s] DEBUG:colcon.colcon_core.event_handler.log_command:Invoking command in '/home/aidenshaevitz/ros2_ws/src/stretch_sensor/stretch_sensor_msgs/build/stretch_sensor_msgs': CMAKE_PREFIX_PATH=${CMAKE_PREFIX_PATH}:/home/aidenshaevitz/ros2_ws/install/stretchable_mocap_sensor:/home/aidenshaevitz/ros2_ws/install/stretch_mocap_sensor:/home/aidenshaevitz/ros2_ws/install/rob599_basic:/opt/ros/humble /usr/bin/cmake /home/aidenshaevitz/ros2_ws/src/stretch_sensor/stretch_sensor_msgs -DCMAKE_INSTALL_PREFIX=/home/aidenshaevitz/ros2_ws/src/stretch_sensor/stretch_sensor_msgs/install/stretch_sensor_msgs
[1.858s] DEBUG:colcon.colcon_core.event_handler.log_command:Invoked command in '/home/aidenshaevitz/ros2_ws/src/stretch_sensor/stretch_sensor_msgs/build/stretch_sensor_msgs' returned '1': CMAKE_PREFIX_PATH=${CMAKE_PREFIX_PATH}:/home/aidenshaevitz/ros2_ws/install/stretchable_mocap_sensor:/home/aidenshaevitz/ros2_ws/install/stretch_mocap_sensor:/home/aidenshaevitz/ros2_ws/install/rob599_basic:/opt/ros/humble /usr/bin/cmake /home/aidenshaevitz/ros2_ws/src/stretch_sensor/stretch_sensor_msgs -DCMAKE_INSTALL_PREFIX=/home/aidenshaevitz/ros2_ws/src/stretch_sensor/stretch_sensor_msgs/install/stretch_sensor_msgs
[1.867s] Level 1:colcon.colcon_core.environment:create_environment_scripts_only(stretch_sensor_msgs)
[1.882s] Level 1:colcon.colcon_core.environment:checking '/home/aidenshaevitz/ros2_ws/src/stretch_sensor/stretch_sensor_msgs/install/stretch_sensor_msgs' for CMake module files
[1.882s] Level 1:colcon.colcon_core.environment:checking '/home/aidenshaevitz/ros2_ws/src/stretch_sensor/stretch_sensor_msgs/install/stretch_sensor_msgs' for CMake config files
[1.882s] Level 1:colcon.colcon_core.environment:checking '/home/aidenshaevitz/ros2_ws/src/stretch_sensor/stretch_sensor_msgs/install/stretch_sensor_msgs/bin'
[1.882s] Level 1:colcon.colcon_core.environment:checking '/home/aidenshaevitz/ros2_ws/src/stretch_sensor/stretch_sensor_msgs/install/stretch_sensor_msgs/lib/pkgconfig/stretch_sensor_msgs.pc'
[1.883s] Level 1:colcon.colcon_core.environment:checking '/home/aidenshaevitz/ros2_ws/src/stretch_sensor/stretch_sensor_msgs/install/stretch_sensor_msgs/lib/python3.10/site-packages'
[1.883s] Level 1:colcon.colcon_core.environment:checking '/home/aidenshaevitz/ros2_ws/src/stretch_sensor/stretch_sensor_msgs/install/stretch_sensor_msgs/bin'
[1.896s] INFO:colcon.colcon_core.shell:Creating package script '/home/aidenshaevitz/ros2_ws/src/stretch_sensor/stretch_sensor_msgs/install/stretch_sensor_msgs/share/stretch_sensor_msgs/package.ps1'
[1.896s] INFO:colcon.colcon_core.shell:Creating package descriptor '/home/aidenshaevitz/ros2_ws/src/stretch_sensor/stretch_sensor_msgs/install/stretch_sensor_msgs/share/stretch_sensor_msgs/package.dsv'
[1.897s] INFO:colcon.colcon_core.shell:Creating package script '/home/aidenshaevitz/ros2_ws/src/stretch_sensor/stretch_sensor_msgs/install/stretch_sensor_msgs/share/stretch_sensor_msgs/package.sh'
[1.897s] INFO:colcon.colcon_core.shell:Creating package script '/home/aidenshaevitz/ros2_ws/src/stretch_sensor/stretch_sensor_msgs/install/stretch_sensor_msgs/share/stretch_sensor_msgs/package.bash'
[1.898s] INFO:colcon.colcon_core.shell:Creating package script '/home/aidenshaevitz/ros2_ws/src/stretch_sensor/stretch_sensor_msgs/install/stretch_sensor_msgs/share/stretch_sensor_msgs/package.zsh'
[1.898s] Level 1:colcon.colcon_core.environment:create_file_with_runtime_dependencies(/home/aidenshaevitz/ros2_ws/src/stretch_sensor/stretch_sensor_msgs/install/stretch_sensor_msgs/share/colcon-core/packages/stretch_sensor_msgs)
[1.909s] DEBUG:colcon.colcon_parallel_executor.executor.parallel:closing loop
[1.909s] DEBUG:colcon.colcon_parallel_executor.executor.parallel:loop closed
[1.909s] DEBUG:colcon.colcon_parallel_executor.executor.parallel:run_until_complete finished with '1'
[1.909s] DEBUG:colcon.colcon_core.event_reactor:joining thread
[1.927s] INFO:colcon.colcon_core.plugin_system:Skipping extension 'colcon_notification.desktop_notification.terminal_notifier': Not used on non-Darwin systems
[1.927s] INFO:colcon.colcon_core.plugin_system:Skipping extension 'colcon_notification.desktop_notification.win32': Not used on non-Windows systems
[1.927s] INFO:colcon.colcon_notification.desktop_notification:Sending desktop notification using 'notify2'
[1.937s] DEBUG:colcon.colcon_core.event_reactor:joined thread
[1.950s] INFO:colcon.colcon_core.shell:Creating prefix script '/home/aidenshaevitz/ros2_ws/src/stretch_sensor/stretch_sensor_msgs/install/local_setup.ps1'
[1.951s] INFO:colcon.colcon_core.shell:Creating prefix util module '/home/aidenshaevitz/ros2_ws/src/stretch_sensor/stretch_sensor_msgs/install/_local_setup_util_ps1.py'
[1.952s] INFO:colcon.colcon_core.shell:Creating prefix chain script '/home/aidenshaevitz/ros2_ws/src/stretch_sensor/stretch_sensor_msgs/install/setup.ps1'
[1.966s] INFO:colcon.colcon_core.shell:Creating prefix script '/home/aidenshaevitz/ros2_ws/src/stretch_sensor/stretch_sensor_msgs/install/local_setup.sh'
[1.966s] INFO:colcon.colcon_core.shell:Creating prefix util module '/home/aidenshaevitz/ros2_ws/src/stretch_sensor/stretch_sensor_msgs/install/_local_setup_util_sh.py'
[1.967s] INFO:colcon.colcon_core.shell:Creating prefix chain script '/home/aidenshaevitz/ros2_ws/src/stretch_sensor/stretch_sensor_msgs/install/setup.sh'
[1.980s] INFO:colcon.colcon_core.shell:Creating prefix script '/home/aidenshaevitz/ros2_ws/src/stretch_sensor/stretch_sensor_msgs/install/local_setup.bash'
[1.981s] INFO:colcon.colcon_core.shell:Creating prefix chain script '/home/aidenshaevitz/ros2_ws/src/stretch_sensor/stretch_sensor_msgs/install/setup.bash'
[1.994s] INFO:colcon.colcon_core.shell:Creating prefix script '/home/aidenshaevitz/ros2_ws/src/stretch_sensor/stretch_sensor_msgs/install/local_setup.zsh'
[1.995s] INFO:colcon.colcon_core.shell:Creating prefix chain script '/home/aidenshaevitz/ros2_ws/src/stretch_sensor/stretch_sensor_msgs/install/setup.zsh'
