[0.860s] DEBUG:colcon:Command line arguments: ['/usr/bin/colcon', 'build']
[0.860s] DEBUG:colcon:Parsed command line arguments: Namespace(log_base=None, log_level=None, verb_name='build', build_base='build', install_base='install', merge_install=False, symlink_install=False, test_result_base=None, continue_on_error=False, executor='parallel', parallel_workers=12, event_handlers=None, ignore_user_meta=False, metas=['./colcon.meta'], base_paths=['.'], packages_ignore=None, packages_ignore_regex=None, paths=None, packages_up_to=None, packages_up_to_regex=None, packages_above=None, packages_above_and_dependencies=None, packages_above_depth=None, packages_select_by_dep=None, packages_skip_by_dep=None, packages_skip_up_to=None, packages_select_build_failed=False, packages_skip_build_finished=False, packages_select_test_failures=False, packages_skip_test_passed=False, packages_select=None, packages_skip=None, packages_select_regex=None, packages_skip_regex=None, packages_start=None, packages_end=None, allow_overriding=[], cmake_args=None, cmake_target=None, cmake_target_skip_unavailable=False, cmake_clean_cache=False, cmake_clean_first=False, cmake_force_configure=False, ament_cmake_args=None, catkin_cmake_args=None, catkin_skip_building_tests=False, verb_parser=<colcon_defaults.argument_parser.defaults.DefaultArgumentsDecorator object at 0x7fea0e248ac0>, verb_extension=<colcon_core.verb.build.BuildVerb object at 0x7fea0e25c160>, main=<bound method BuildVerb.main of <colcon_core.verb.build.BuildVerb object at 0x7fea0e25c160>>)
[0.899s] Level 1:colcon.colcon_core.package_discovery:discover_packages(colcon_meta) check parameters
[0.899s] Level 1:colcon.colcon_core.package_discovery:discover_packages(recursive) check parameters
[0.899s] Level 1:colcon.colcon_core.package_discovery:discover_packages(ignore) check parameters
[0.899s] Level 1:colcon.colcon_core.package_discovery:discover_packages(path) check parameters
[0.899s] Level 1:colcon.colcon_core.package_discovery:discover_packages(colcon_meta) discover
[0.899s] Level 1:colcon.colcon_core.package_discovery:discover_packages(recursive) discover
[0.899s] INFO:colcon.colcon_core.package_discovery:Crawling recursively for packages in '/home/aidenshaevitz/ros2_ws/src/stretch_sensor/stretch_sensor_msgs'
[0.899s] Level 1:colcon.colcon_core.package_identification:_identify(.) by extensions ['ignore', 'ignore_ament_install']
[0.899s] Level 1:colcon.colcon_core.package_identification:_identify(.) by extension 'ignore'
[0.899s] Level 1:colcon.colcon_core.package_identification:_identify(.) by extension 'ignore_ament_install'
[0.899s] Level 1:colcon.colcon_core.package_identification:_identify(.) by extensions ['colcon_pkg']
[0.899s] Level 1:colcon.colcon_core.package_identification:_identify(.) by extension 'colcon_pkg'
[0.899s] Level 1:colcon.colcon_core.package_identification:_identify(.) by extensions ['colcon_meta']
[0.899s] Level 1:colcon.colcon_core.package_identification:_identify(.) by extension 'colcon_meta'
[0.899s] Level 1:colcon.colcon_core.package_identification:_identify(.) by extensions ['ros']
[0.899s] Level 1:colcon.colcon_core.package_identification:_identify(.) by extension 'ros'
[0.910s] DEBUG:colcon.colcon_core.package_identification:Package '.' with type 'ros.ament_cmake' and name 'stretch_sensor_msgs'
[0.910s] Level 1:colcon.colcon_core.package_discovery:discover_packages(recursive) using defaults
[0.910s] Level 1:colcon.colcon_core.package_discovery:discover_packages(ignore) discover
[0.910s] Level 1:colcon.colcon_core.package_discovery:discover_packages(ignore) using defaults
[0.910s] Level 1:colcon.colcon_core.package_discovery:discover_packages(path) discover
[0.910s] Level 1:colcon.colcon_core.package_discovery:discover_packages(path) using defaults
[0.986s] Level 1:colcon.colcon_core.package_discovery:discover_packages(prefix_path) check parameters
[0.986s] Level 1:colcon.colcon_core.package_discovery:discover_packages(prefix_path) discover
[1.012s] DEBUG:colcon.colcon_installed_package_information.package_discovery:Found 6 installed packages in /home/aidenshaevitz/ros2_ws/install
[1.025s] DEBUG:colcon.colcon_installed_package_information.package_discovery:Found 271 installed packages in /opt/ros/humble
[1.025s] Level 1:colcon.colcon_core.package_discovery:discover_packages(prefix_path) using defaults
[1.108s] Level 5:colcon.colcon_core.verb:set package 'stretch_sensor_msgs' build argument 'cmake_args' from command line to 'None'
[1.108s] Level 5:colcon.colcon_core.verb:set package 'stretch_sensor_msgs' build argument 'cmake_target' from command line to 'None'
[1.108s] Level 5:colcon.colcon_core.verb:set package 'stretch_sensor_msgs' build argument 'cmake_target_skip_unavailable' from command line to 'False'
[1.108s] Level 5:colcon.colcon_core.verb:set package 'stretch_sensor_msgs' build argument 'cmake_clean_cache' from command line to 'False'
[1.108s] Level 5:colcon.colcon_core.verb:set package 'stretch_sensor_msgs' build argument 'cmake_clean_first' from command line to 'False'
[1.108s] Level 5:colcon.colcon_core.verb:set package 'stretch_sensor_msgs' build argument 'cmake_force_configure' from command line to 'False'
[1.108s] Level 5:colcon.colcon_core.verb:set package 'stretch_sensor_msgs' build argument 'ament_cmake_args' from command line to 'None'
[1.108s] Level 5:colcon.colcon_core.verb:set package 'stretch_sensor_msgs' build argument 'catkin_cmake_args' from command line to 'None'
[1.108s] Level 5:colcon.colcon_core.verb:set package 'stretch_sensor_msgs' build argument 'catkin_skip_building_tests' from command line to 'False'
[1.109s] DEBUG:colcon.colcon_core.verb:Building package 'stretch_sensor_msgs' with the following arguments: {'ament_cmake_args': None, 'build_base': '/home/aidenshaevitz/ros2_ws/src/stretch_sensor/stretch_sensor_msgs/build/stretch_sensor_msgs', 'catkin_cmake_args': None, 'catkin_skip_building_tests': False, 'cmake_args': None, 'cmake_clean_cache': False, 'cmake_clean_first': False, 'cmake_force_configure': False, 'cmake_target': None, 'cmake_target_skip_unavailable': False, 'install_base': '/home/aidenshaevitz/ros2_ws/src/stretch_sensor/stretch_sensor_msgs/install/stretch_sensor_msgs', 'merge_install': False, 'path': '/home/aidenshaevitz/ros2_ws/src/stretch_sensor/stretch_sensor_msgs', 'symlink_install': False, 'test_result_base': None}
[1.121s] INFO:colcon.colcon_core.executor:Executing jobs using 'parallel' executor
[1.133s] DEBUG:colcon.colcon_parallel_executor.executor.parallel:run_until_complete
[1.133s] INFO:colcon.colcon_ros.task.ament_cmake.build:Building ROS package in '/home/aidenshaevitz/ros2_ws/src/stretch_sensor/stretch_sensor_msgs' with build type 'ament_cmake'
[1.134s] INFO:colcon.colcon_cmake.task.cmake.build:Building CMake package in '/home/aidenshaevitz/ros2_ws/src/stretch_sensor/stretch_sensor_msgs'
[1.148s] INFO:colcon.colcon_core.plugin_system:Skipping extension 'colcon_core.shell.bat': Not used on non-Windows systems
[1.148s] INFO:colcon.colcon_core.shell:Skip shell extension 'powershell' for command environment: Not usable outside of PowerShell
[1.148s] DEBUG:colcon.colcon_core.shell:Skip shell extension 'dsv' for command environment
[1.196s] DEBUG:colcon.colcon_core.event_handler.log_command:Invoking command in '/home/aidenshaevitz/ros2_ws/src/stretch_sensor/stretch_sensor_msgs/build/stretch_sensor_msgs': CMAKE_PREFIX_PATH=${CMAKE_PREFIX_PATH}:/home/aidenshaevitz/ros2_ws/install/stretchable_mocap_sensor:/home/aidenshaevitz/ros2_ws/install/stretch_mocap_sensor:/home/aidenshaevitz/ros2_ws/install/rob599_basic:/opt/ros/humble /usr/bin/cmake /home/aidenshaevitz/ros2_ws/src/stretch_sensor/stretch_sensor_msgs -DCMAKE_INSTALL_PREFIX=/home/aidenshaevitz/ros2_ws/src/stretch_sensor/stretch_sensor_msgs/install/stretch_sensor_msgs
[2.430s] DEBUG:colcon.colcon_core.event_handler.log_command:Invoked command in '/home/aidenshaevitz/ros2_ws/src/stretch_sensor/stretch_sensor_msgs/build/stretch_sensor_msgs' returned '0': CMAKE_PREFIX_PATH=${CMAKE_PREFIX_PATH}:/home/aidenshaevitz/ros2_ws/install/stretchable_mocap_sensor:/home/aidenshaevitz/ros2_ws/install/stretch_mocap_sensor:/home/aidenshaevitz/ros2_ws/install/rob599_basic:/opt/ros/humble /usr/bin/cmake /home/aidenshaevitz/ros2_ws/src/stretch_sensor/stretch_sensor_msgs -DCMAKE_INSTALL_PREFIX=/home/aidenshaevitz/ros2_ws/src/stretch_sensor/stretch_sensor_msgs/install/stretch_sensor_msgs
[2.431s] DEBUG:colcon.colcon_core.event_handler.log_command:Invoking command in '/home/aidenshaevitz/ros2_ws/src/stretch_sensor/stretch_sensor_msgs/build/stretch_sensor_msgs': CMAKE_PREFIX_PATH=${CMAKE_PREFIX_PATH}:/home/aidenshaevitz/ros2_ws/install/stretchable_mocap_sensor:/home/aidenshaevitz/ros2_ws/install/stretch_mocap_sensor:/home/aidenshaevitz/ros2_ws/install/rob599_basic:/opt/ros/humble /usr/bin/cmake --build /home/aidenshaevitz/ros2_ws/src/stretch_sensor/stretch_sensor_msgs/build/stretch_sensor_msgs -- -j12 -l12
[3.897s] DEBUG:colcon.colcon_core.event_handler.log_command:Invoked command in '/home/aidenshaevitz/ros2_ws/src/stretch_sensor/stretch_sensor_msgs/build/stretch_sensor_msgs' returned '0': CMAKE_PREFIX_PATH=${CMAKE_PREFIX_PATH}:/home/aidenshaevitz/ros2_ws/install/stretchable_mocap_sensor:/home/aidenshaevitz/ros2_ws/install/stretch_mocap_sensor:/home/aidenshaevitz/ros2_ws/install/rob599_basic:/opt/ros/humble /usr/bin/cmake --build /home/aidenshaevitz/ros2_ws/src/stretch_sensor/stretch_sensor_msgs/build/stretch_sensor_msgs -- -j12 -l12
[3.958s] DEBUG:colcon.colcon_core.event_handler.log_command:Invoking command in '/home/aidenshaevitz/ros2_ws/src/stretch_sensor/stretch_sensor_msgs/build/stretch_sensor_msgs': CMAKE_PREFIX_PATH=${CMAKE_PREFIX_PATH}:/home/aidenshaevitz/ros2_ws/install/stretchable_mocap_sensor:/home/aidenshaevitz/ros2_ws/install/stretch_mocap_sensor:/home/aidenshaevitz/ros2_ws/install/rob599_basic:/opt/ros/humble /usr/bin/cmake --install /home/aidenshaevitz/ros2_ws/src/stretch_sensor/stretch_sensor_msgs/build/stretch_sensor_msgs
[4.016s] Level 1:colcon.colcon_core.environment:create_environment_scripts_only(stretch_sensor_msgs)
[4.017s] DEBUG:colcon.colcon_core.event_handler.log_command:Invoked command in '/home/aidenshaevitz/ros2_ws/src/stretch_sensor/stretch_sensor_msgs/build/stretch_sensor_msgs' returned '0': CMAKE_PREFIX_PATH=${CMAKE_PREFIX_PATH}:/home/aidenshaevitz/ros2_ws/install/stretchable_mocap_sensor:/home/aidenshaevitz/ros2_ws/install/stretch_mocap_sensor:/home/aidenshaevitz/ros2_ws/install/rob599_basic:/opt/ros/humble /usr/bin/cmake --install /home/aidenshaevitz/ros2_ws/src/stretch_sensor/stretch_sensor_msgs/build/stretch_sensor_msgs
[4.031s] Level 1:colcon.colcon_core.environment:checking '/home/aidenshaevitz/ros2_ws/src/stretch_sensor/stretch_sensor_msgs/install/stretch_sensor_msgs' for CMake module files
[4.032s] Level 1:colcon.colcon_core.environment:checking '/home/aidenshaevitz/ros2_ws/src/stretch_sensor/stretch_sensor_msgs/install/stretch_sensor_msgs' for CMake config files
[4.032s] Level 1:colcon.colcon_core.shell:create_environment_hook('stretch_sensor_msgs', 'cmake_prefix_path')
[4.045s] INFO:colcon.colcon_core.shell:Creating environment hook '/home/aidenshaevitz/ros2_ws/src/stretch_sensor/stretch_sensor_msgs/install/stretch_sensor_msgs/share/stretch_sensor_msgs/hook/cmake_prefix_path.ps1'
[4.046s] INFO:colcon.colcon_core.shell:Creating environment descriptor '/home/aidenshaevitz/ros2_ws/src/stretch_sensor/stretch_sensor_msgs/install/stretch_sensor_msgs/share/stretch_sensor_msgs/hook/cmake_prefix_path.dsv'
[4.046s] INFO:colcon.colcon_core.shell:Creating environment hook '/home/aidenshaevitz/ros2_ws/src/stretch_sensor/stretch_sensor_msgs/install/stretch_sensor_msgs/share/stretch_sensor_msgs/hook/cmake_prefix_path.sh'
[4.047s] Level 1:colcon.colcon_core.environment:checking '/home/aidenshaevitz/ros2_ws/src/stretch_sensor/stretch_sensor_msgs/install/stretch_sensor_msgs/lib'
[4.047s] Level 1:colcon.colcon_core.shell:create_environment_hook('stretch_sensor_msgs', 'ld_library_path_lib')
[4.060s] INFO:colcon.colcon_core.shell:Creating environment hook '/home/aidenshaevitz/ros2_ws/src/stretch_sensor/stretch_sensor_msgs/install/stretch_sensor_msgs/share/stretch_sensor_msgs/hook/ld_library_path_lib.ps1'
[4.060s] INFO:colcon.colcon_core.shell:Creating environment descriptor '/home/aidenshaevitz/ros2_ws/src/stretch_sensor/stretch_sensor_msgs/install/stretch_sensor_msgs/share/stretch_sensor_msgs/hook/ld_library_path_lib.dsv'
[4.060s] INFO:colcon.colcon_core.shell:Creating environment hook '/home/aidenshaevitz/ros2_ws/src/stretch_sensor/stretch_sensor_msgs/install/stretch_sensor_msgs/share/stretch_sensor_msgs/hook/ld_library_path_lib.sh'
[4.060s] Level 1:colcon.colcon_core.environment:checking '/home/aidenshaevitz/ros2_ws/src/stretch_sensor/stretch_sensor_msgs/install/stretch_sensor_msgs/bin'
[4.061s] Level 1:colcon.colcon_core.environment:checking '/home/aidenshaevitz/ros2_ws/src/stretch_sensor/stretch_sensor_msgs/install/stretch_sensor_msgs/lib/pkgconfig/stretch_sensor_msgs.pc'
[4.061s] Level 1:colcon.colcon_core.environment:checking '/home/aidenshaevitz/ros2_ws/src/stretch_sensor/stretch_sensor_msgs/install/stretch_sensor_msgs/lib/python3.10/site-packages'
[4.061s] Level 1:colcon.colcon_core.environment:checking '/home/aidenshaevitz/ros2_ws/src/stretch_sensor/stretch_sensor_msgs/install/stretch_sensor_msgs/bin'
[4.074s] INFO:colcon.colcon_core.shell:Creating package script '/home/aidenshaevitz/ros2_ws/src/stretch_sensor/stretch_sensor_msgs/install/stretch_sensor_msgs/share/stretch_sensor_msgs/package.ps1'
[4.075s] INFO:colcon.colcon_core.shell:Creating package descriptor '/home/aidenshaevitz/ros2_ws/src/stretch_sensor/stretch_sensor_msgs/install/stretch_sensor_msgs/share/stretch_sensor_msgs/package.dsv'
[4.075s] INFO:colcon.colcon_core.shell:Creating package script '/home/aidenshaevitz/ros2_ws/src/stretch_sensor/stretch_sensor_msgs/install/stretch_sensor_msgs/share/stretch_sensor_msgs/package.sh'
[4.076s] INFO:colcon.colcon_core.shell:Creating package script '/home/aidenshaevitz/ros2_ws/src/stretch_sensor/stretch_sensor_msgs/install/stretch_sensor_msgs/share/stretch_sensor_msgs/package.bash'
[4.077s] INFO:colcon.colcon_core.shell:Creating package script '/home/aidenshaevitz/ros2_ws/src/stretch_sensor/stretch_sensor_msgs/install/stretch_sensor_msgs/share/stretch_sensor_msgs/package.zsh'
[4.077s] Level 1:colcon.colcon_core.environment:create_file_with_runtime_dependencies(/home/aidenshaevitz/ros2_ws/src/stretch_sensor/stretch_sensor_msgs/install/stretch_sensor_msgs/share/colcon-core/packages/stretch_sensor_msgs)
[4.143s] Level 1:colcon.colcon_core.environment:create_environment_scripts_only(stretch_sensor_msgs)
[4.156s] Level 1:colcon.colcon_core.environment:checking '/home/aidenshaevitz/ros2_ws/src/stretch_sensor/stretch_sensor_msgs/install/stretch_sensor_msgs' for CMake module files
[4.157s] Level 1:colcon.colcon_core.environment:checking '/home/aidenshaevitz/ros2_ws/src/stretch_sensor/stretch_sensor_msgs/install/stretch_sensor_msgs' for CMake config files
[4.157s] Level 1:colcon.colcon_core.shell:create_environment_hook('stretch_sensor_msgs', 'cmake_prefix_path')
[4.170s] INFO:colcon.colcon_core.shell:Creating environment hook '/home/aidenshaevitz/ros2_ws/src/stretch_sensor/stretch_sensor_msgs/install/stretch_sensor_msgs/share/stretch_sensor_msgs/hook/cmake_prefix_path.ps1'
[4.171s] INFO:colcon.colcon_core.shell:Creating environment descriptor '/home/aidenshaevitz/ros2_ws/src/stretch_sensor/stretch_sensor_msgs/install/stretch_sensor_msgs/share/stretch_sensor_msgs/hook/cmake_prefix_path.dsv'
[4.171s] INFO:colcon.colcon_core.shell:Creating environment hook '/home/aidenshaevitz/ros2_ws/src/stretch_sensor/stretch_sensor_msgs/install/stretch_sensor_msgs/share/stretch_sensor_msgs/hook/cmake_prefix_path.sh'
[4.171s] Level 1:colcon.colcon_core.environment:checking '/home/aidenshaevitz/ros2_ws/src/stretch_sensor/stretch_sensor_msgs/install/stretch_sensor_msgs/lib'
[4.171s] Level 1:colcon.colcon_core.shell:create_environment_hook('stretch_sensor_msgs', 'ld_library_path_lib')
[4.184s] INFO:colcon.colcon_core.shell:Creating environment hook '/home/aidenshaevitz/ros2_ws/src/stretch_sensor/stretch_sensor_msgs/install/stretch_sensor_msgs/share/stretch_sensor_msgs/hook/ld_library_path_lib.ps1'
[4.185s] INFO:colcon.colcon_core.shell:Creating environment descriptor '/home/aidenshaevitz/ros2_ws/src/stretch_sensor/stretch_sensor_msgs/install/stretch_sensor_msgs/share/stretch_sensor_msgs/hook/ld_library_path_lib.dsv'
[4.185s] INFO:colcon.colcon_core.shell:Creating environment hook '/home/aidenshaevitz/ros2_ws/src/stretch_sensor/stretch_sensor_msgs/install/stretch_sensor_msgs/share/stretch_sensor_msgs/hook/ld_library_path_lib.sh'
[4.185s] Level 1:colcon.colcon_core.environment:checking '/home/aidenshaevitz/ros2_ws/src/stretch_sensor/stretch_sensor_msgs/install/stretch_sensor_msgs/bin'
[4.185s] Level 1:colcon.colcon_core.environment:checking '/home/aidenshaevitz/ros2_ws/src/stretch_sensor/stretch_sensor_msgs/install/stretch_sensor_msgs/lib/pkgconfig/stretch_sensor_msgs.pc'
[4.186s] Level 1:colcon.colcon_core.environment:checking '/home/aidenshaevitz/ros2_ws/src/stretch_sensor/stretch_sensor_msgs/install/stretch_sensor_msgs/lib/python3.10/site-packages'
[4.186s] Level 1:colcon.colcon_core.environment:checking '/home/aidenshaevitz/ros2_ws/src/stretch_sensor/stretch_sensor_msgs/install/stretch_sensor_msgs/bin'
[4.199s] INFO:colcon.colcon_core.shell:Creating package script '/home/aidenshaevitz/ros2_ws/src/stretch_sensor/stretch_sensor_msgs/install/stretch_sensor_msgs/share/stretch_sensor_msgs/package.ps1'
[4.199s] INFO:colcon.colcon_core.shell:Creating package descriptor '/home/aidenshaevitz/ros2_ws/src/stretch_sensor/stretch_sensor_msgs/install/stretch_sensor_msgs/share/stretch_sensor_msgs/package.dsv'
[4.200s] INFO:colcon.colcon_core.shell:Creating package script '/home/aidenshaevitz/ros2_ws/src/stretch_sensor/stretch_sensor_msgs/install/stretch_sensor_msgs/share/stretch_sensor_msgs/package.sh'
[4.200s] INFO:colcon.colcon_core.shell:Creating package script '/home/aidenshaevitz/ros2_ws/src/stretch_sensor/stretch_sensor_msgs/install/stretch_sensor_msgs/share/stretch_sensor_msgs/package.bash'
[4.200s] INFO:colcon.colcon_core.shell:Creating package script '/home/aidenshaevitz/ros2_ws/src/stretch_sensor/stretch_sensor_msgs/install/stretch_sensor_msgs/share/stretch_sensor_msgs/package.zsh'
[4.201s] Level 1:colcon.colcon_core.environment:create_file_with_runtime_dependencies(/home/aidenshaevitz/ros2_ws/src/stretch_sensor/stretch_sensor_msgs/install/stretch_sensor_msgs/share/colcon-core/packages/stretch_sensor_msgs)
[4.201s] DEBUG:colcon.colcon_parallel_executor.executor.parallel:closing loop
[4.201s] DEBUG:colcon.colcon_parallel_executor.executor.parallel:loop closed
[4.201s] DEBUG:colcon.colcon_parallel_executor.executor.parallel:run_until_complete finished with '0'
[4.201s] DEBUG:colcon.colcon_core.event_reactor:joining thread
[4.222s] INFO:colcon.colcon_core.plugin_system:Skipping extension 'colcon_notification.desktop_notification.terminal_notifier': Not used on non-Darwin systems
[4.222s] INFO:colcon.colcon_core.plugin_system:Skipping extension 'colcon_notification.desktop_notification.win32': Not used on non-Windows systems
[4.222s] INFO:colcon.colcon_notification.desktop_notification:Sending desktop notification using 'notify2'
[4.232s] DEBUG:colcon.colcon_core.event_reactor:joined thread
[4.245s] INFO:colcon.colcon_core.shell:Creating prefix script '/home/aidenshaevitz/ros2_ws/src/stretch_sensor/stretch_sensor_msgs/install/local_setup.ps1'
[4.246s] INFO:colcon.colcon_core.shell:Creating prefix util module '/home/aidenshaevitz/ros2_ws/src/stretch_sensor/stretch_sensor_msgs/install/_local_setup_util_ps1.py'
[4.247s] INFO:colcon.colcon_core.shell:Creating prefix chain script '/home/aidenshaevitz/ros2_ws/src/stretch_sensor/stretch_sensor_msgs/install/setup.ps1'
[4.260s] INFO:colcon.colcon_core.shell:Creating prefix script '/home/aidenshaevitz/ros2_ws/src/stretch_sensor/stretch_sensor_msgs/install/local_setup.sh'
[4.261s] INFO:colcon.colcon_core.shell:Creating prefix util module '/home/aidenshaevitz/ros2_ws/src/stretch_sensor/stretch_sensor_msgs/install/_local_setup_util_sh.py'
[4.261s] INFO:colcon.colcon_core.shell:Creating prefix chain script '/home/aidenshaevitz/ros2_ws/src/stretch_sensor/stretch_sensor_msgs/install/setup.sh'
[4.275s] INFO:colcon.colcon_core.shell:Creating prefix script '/home/aidenshaevitz/ros2_ws/src/stretch_sensor/stretch_sensor_msgs/install/local_setup.bash'
[4.275s] INFO:colcon.colcon_core.shell:Creating prefix chain script '/home/aidenshaevitz/ros2_ws/src/stretch_sensor/stretch_sensor_msgs/install/setup.bash'
[4.289s] INFO:colcon.colcon_core.shell:Creating prefix script '/home/aidenshaevitz/ros2_ws/src/stretch_sensor/stretch_sensor_msgs/install/local_setup.zsh'
[4.289s] INFO:colcon.colcon_core.shell:Creating prefix chain script '/home/aidenshaevitz/ros2_ws/src/stretch_sensor/stretch_sensor_msgs/install/setup.zsh'
